0001_0015_0028_0062_0062.jpg 1 15 28 62 62
0002_0036_0040_0037_0037.jpg 1 36 40 37 37
0003_0010_0026_0068_0068.jpg 1 10 26 68 68
0004_0021_0023_0066_0066.jpg 1 21 23 66 66
0005_0020_0035_0052_0052.jpg 1 20 35 52 52
0006_0040_0036_0047_0047.jpg 1 40 36 47 47
0007_0035_0035_0060_0060.jpg 1 35 35 60 60
0008_0039_0023_0055_0055.jpg 1 39 23 55 55
0009_0025_0030_0049_0049.jpg 1 25 30 49 49
0010_0047_0048_0046_0046.jpg 1 47 48 46 46
0011_0033_0046_0029_0029.jpg 1 33 46 29 29
0012_0015_0027_0049_0049.jpg 1 15 27 49 49
0013_0041_0018_0034_0034.jpg 1 41 18 34 34
0014_0029_0013_0055_0055.jpg 1 29 13 55 55
0015_0015_0016_0035_0035.jpg 1 15 16 35 35
0016_0017_0034_0036_0036.jpg 1 17 34 36 36
0017_0014_0003_0068_0068.jpg 1 14 3 68 68
0018_0023_0025_0064_0064.jpg 1 23 25 64 64
0019_0029_0007_0049_0049.jpg 1 29 7 49 49
0020_0013_0051_0036_0036.jpg 1 13 51 36 36
0021_0007_0034_0054_0054.jpg 1 7 34 54 54
0022_0022_0021_0043_0043.jpg 1 22 21 43 43
0023_0033_0026_0049_0049.jpg 1 33 26 49 49
0024_0035_0016_0024_0024.jpg 1 35 16 24 24
0025_0029_0030_0060_0060.jpg 1 29 30 60 60
0026_0026_0010_0049_0049.jpg 1 26 10 49 49
0027_0020_0006_0057_0057.jpg 1 20 6 57 57
0028_0008_0014_0026_0026.jpg 1 8 14 26 26
0029_0027_0014_0062_0062.jpg 1 27 14 62 62
0030_0025_0009_0032_0032.jpg 1 25 9 32 32
0031_0030_0028_0061_0061.jpg 1 30 28 61 61
0032_0051_0061_0025_0025.jpg 1 51 61 25 25
0033_0033_0007_0035_0035.jpg 1 33 7 35 35
0034_0039_0013_0039_0039.jpg 1 39 13 39 39
0035_0032_0020_0028_0028.jpg 1 32 20 28 28
0036_0011_0032_0057_0057.jpg 1 11 32 57 57
0037_0045_0021_0048_0048.jpg 1 45 21 48 48
0038_0014_0048_0028_0028.jpg 1 14 48 28 28
0039_0017_0013_0069_0069.jpg 1 17 13 69 69
0040_0033_0015_0035_0035.jpg 1 33 15 35 35
0041_0008_0034_0060_0060.jpg 1 8 34 60 60
0042_0028_0017_0067_0067.jpg 1 28 17 67 67
0043_0016_0035_0049_0049.jpg 1 16 35 49 49
0044_0063_0051_0029_0029.jpg 1 63 51 29 29
0045_0019_0040_0051_0051.jpg 1 19 40 51 51
0046_0013_0018_0056_0056.jpg 1 13 18 56 56
0047_0047_0019_0038_0038.jpg 1 47 19 38 38
0048_0005_0009_0063_0063.jpg 1 5 9 63 63
0049_0021_0021_0042_0042.jpg 1 21 21 42 42
0050_0007_0034_0061_0061.jpg 1 7 34 61 61
0051_0035_0018_0041_0041.jpg 1 35 18 41 41
0052_0013_0016_0063_0063.jpg 1 13 16 63 63
0053_0032_0015_0061_0061.jpg 1 32 15 61 61
0054_0012_0029_0059_0059.jpg 1 12 29 59 59
0055_0014_0033_0059_0059.jpg 1 14 33 59 59
0056_0025_0009_0062_0062.jpg 1 25 9 62 62
0057_0006_0027_0061_0061.jpg 1 6 27 61 61
0058_0028_0022_0054_0054.jpg 1 28 22 54 54
0059_0016_0035_0035_0035.jpg 1 16 35 35 35
0060_0033_0012_0049_0049.jpg 1 33 12 49 49
0061_0007_0017_0062_0062.jpg 1 7 17 62 62
0062_0033_0008_0034_0034.jpg 1 33 8 34 34
0063_0035_0008_0034_0034.jpg 1 35 8 34 34
0064_0023_0030_0055_0055.jpg 1 23 30 55 55
0065_0020_0009_0066_0066.jpg 1 20 9 66 66
0066_0050_0019_0041_0041.jpg 1 50 19 41 41
0067_0010_0028_0042_0042.jpg 1 10 28 42 42
0068_0012_0034_0060_0060.jpg 1 12 34 60 60
0069_0014_0015_0061_0061.jpg 1 14 15 61 61
0070_0058_0045_0027_0027.jpg 1 58 45 27 27
0071_0011_0028_0063_0063.jpg 1 11 28 63 63
0072_0005_0027_0067_0067.jpg 1 5 27 67 67
0073_0058_0031_0034_0034.jpg 1 58 31 34 34
0074_0028_0025_0044_0044.jpg 1 28 25 44 44
0075_0032_0029_0054_0054.jpg 1 32 29 54 54
0076_0063_0031_0027_0027.jpg 1 63 31 27 27
0077_0025_0011_0040_0040.jpg 1 25 11 40 40
0078_0028_0006_0052_0052.jpg 1 28 6 52 52
0079_0025_0019_0032_0032.jpg 1 25 19 32 32
0080_0035_0010_0052_0052.jpg 1 35 10 52 52
0081_0021_0036_0058_0058.jpg 1 21 36 58 58
0082_0033_0043_0040_0040.jpg 1 33 43 40 40
0083_0010_0016_0051_0051.jpg 1 10 16 51 51
0084_0041_0016_0033_0033.jpg 1 41 16 33 33
0085_0016_0022_0028_0028.jpg 1 16 22 28 28
0086_0043_0040_0037_0037.jpg 1 43 40 37 37
0087_0022_0011_0068_0068.jpg 1 22 11 68 68
0088_0059_0058_0027_0027.jpg 1 59 58 27 27
0089_0020_0013_0034_0034.jpg 1 20 13 34 34
0090_0008_0040_0051_0051.jpg 1 8 40 51 51
0091_0043_0020_0047_0047.jpg 1 43 20 47 47
0092_0037_0030_0058_0058.jpg 1 37 30 58 58
0093_0012_0008_0036_0036.jpg 1 12 8 36 36
0094_0008_0024_0061_0061.jpg 1 8 24 61 61
0095_0043_0037_0040_0040.jpg 1 43 37 40 40
0096_0014_0021_0059_0059.jpg 1 14 21 59 59
0097_0010_0060_0025_0025.jpg 1 10 60 25 25
0098_0033_0046_0027_0027.jpg 1 33 46 27 27
0099_0017_0023_0027_0027.jpg 1 17 23 27 27
0100_0012_0032_0029_0029.jpg 1 12 32 29 29
0101_0005_0011_0066_0066.jpg 1 5 11 66 66
0102_0017_0026_0068_0068.jpg 1 17 26 68 68
0103_0036_0022_0051_0051.jpg 1 36 22 51 51
0104_0015_0020_0057_0057.jpg 1 15 20 57 57
0105_0043_0044_0043_0043.jpg 1 43 44 43 43
0106_0018_0017_0062_0062.jpg 1 18 17 62 62
0107_0015_0041_0038_0038.jpg 1 15 41 38 38
0108_0007_0054_0038_0038.jpg 1 7 54 38 38
0109_0030_0039_0044_0044.jpg 1 30 39 44 44
0110_0044_0008_0049_0049.jpg 1 44 8 49 49
0111_0013_0015_0067_0067.jpg 1 13 15 67 67
0112_0040_0041_0049_0049.jpg 1 40 41 49 49
0113_0022_0042_0036_0036.jpg 1 22 42 36 36
0114_0057_0019_0025_0025.jpg 1 57 19 25 25
0115_0024_0034_0026_0026.jpg 1 24 34 26 26
0116_0026_0021_0061_0061.jpg 1 26 21 61 61
0117_0034_0014_0039_0039.jpg 1 34 14 39 39
0118_0028_0026_0031_0031.jpg 1 28 26 31 31
0119_0011_0039_0040_0040.jpg 1 11 39 40 40
0120_0053_0008_0036_0036.jpg 1 53 8 36 36
0121_0021_0027_0044_0044.jpg 1 21 27 44 44
0122_0029_0032_0043_0043.jpg 1 29 32 43 43
0123_0016_0022_0033_0033.jpg 1 16 22 33 33
0124_0046_0041_0042_0042.jpg 1 46 41 42 42
0125_0011_0037_0042_0042.jpg 1 11 37 42 42
0126_0028_0018_0026_0026.jpg 1 28 18 26 26
0127_0059_0015_0030_0030.jpg 1 59 15 30 30
0128_0047_0022_0033_0033.jpg 1 47 22 33 33
0129_0017_0012_0067_0067.jpg 1 17 12 67 67
0130_0027_0032_0059_0059.jpg 1 27 32 59 59
0131_0025_0008_0069_0069.jpg 1 25 8 69 69
0132_0012_0013_0069_0069.jpg 1 12 13 69 69
0133_0010_0007_0044_0044.jpg 1 10 7 44 44
0134_0008_0021_0033_0033.jpg 1 8 21 33 33
0135_0040_0038_0033_0033.jpg 1 40 38 33 33
0136_0011_0037_0056_0056.jpg 1 11 37 56 56
0137_0019_0025_0035_0035.jpg 1 19 25 35 35
0138_0046_0052_0026_0026.jpg 1 46 52 26 26
0139_0050_0046_0030_0030.jpg 1 50 46 30 30
0140_0040_0027_0053_0053.jpg 1 40 27 53 53
0141_0004_0006_0067_0067.jpg 1 4 6 67 67
0142_0014_0005_0067_0067.jpg 1 14 5 67 67
0143_0021_0008_0067_0067.jpg 1 21 8 67 67
0144_0046_0013_0040_0040.jpg 1 46 13 40 40
0145_0007_0009_0056_0056.jpg 1 7 9 56 56
0146_0005_0004_0061_0061.jpg 1 5 4 61 61
0147_0034_0054_0037_0037.jpg 1 34 54 37 37
0148_0046_0032_0041_0041.jpg 1 46 32 41 41
0149_0030_0030_0062_0062.jpg 1 30 30 62 62
0150_0016_0031_0047_0047.jpg 1 16 31 47 47
0151_0019_0038_0024_0024.jpg 1 19 38 24 24
0152_0010_0009_0060_0060.jpg 1 10 9 60 60
0153_0008_0007_0054_0054.jpg 1 8 7 54 54
0154_0017_0039_0051_0051.jpg 1 17 39 51 51
0155_0009_0045_0035_0035.jpg 1 9 45 35 35
0156_0011_0035_0037_0037.jpg 1 11 35 37 37
0157_0023_0024_0055_0055.jpg 1 23 24 55 55
0158_0042_0035_0026_0026.jpg 1 42 35 26 26
0159_0006_0029_0055_0055.jpg 1 6 29 55 55
0160_0006_0010_0053_0053.jpg 1 6 10 53 53
0161_0024_0004_0058_0058.jpg 1 24 4 58 58
0162_0011_0005_0056_0056.jpg 1 11 5 56 56
0163_0015_0040_0026_0026.jpg 1 15 40 26 26
0164_0008_0016_0027_0027.jpg 1 8 16 27 27
0165_0052_0007_0034_0034.jpg 1 52 7 34 34
0166_0066_0017_0024_0024.jpg 1 66 17 24 24
0167_0007_0033_0059_0059.jpg 1 7 33 59 59
0168_0019_0033_0058_0058.jpg 1 19 33 58 58
0169_0022_0011_0061_0061.jpg 1 22 11 61 61
0170_0020_0025_0065_0065.jpg 1 20 25 65 65
0171_0055_0019_0037_0037.jpg 1 55 19 37 37
0172_0053_0017_0037_0037.jpg 1 53 17 37 37
0173_0017_0034_0061_0061.jpg 1 17 34 61 61
0174_0053_0009_0031_0031.jpg 1 53 9 31 31
0175_0010_0029_0065_0065.jpg 1 10 29 65 65
0176_0021_0020_0066_0066.jpg 1 21 20 66 66
0177_0009_0020_0048_0048.jpg 1 9 20 48 48
0178_0030_0012_0026_0026.jpg 1 30 12 26 26
0179_0009_0042_0050_0050.jpg 1 9 42 50 50
0180_0026_0054_0038_0038.jpg 1 26 54 38 38
0181_0004_0015_0064_0064.jpg 1 4 15 64 64
0182_0017_0020_0056_0056.jpg 1 17 20 56 56
0183_0012_0043_0038_0038.jpg 1 12 43 38 38
0184_0032_0047_0032_0032.jpg 1 32 47 32 32
0185_0041_0010_0032_0032.jpg 1 41 10 32 32
0186_0008_0009_0064_0064.jpg 1 8 9 64 64
0187_0030_0043_0037_0037.jpg 1 30 43 37 37
0188_0026_0017_0065_0065.jpg 1 26 17 65 65
0189_0021_0014_0068_0068.jpg 1 21 14 68 68
0190_0010_0006_0057_0057.jpg 1 10 6 57 57
0191_0016_0007_0040_0040.jpg 1 16 7 40 40
0192_0016_0055_0033_0033.jpg 1 16 55 33 33
0193_0016_0029_0064_0064.jpg 1 16 29 64 64
0194_0020_0027_0025_0025.jpg 1 20 27 25 25
0195_0044_0058_0025_0025.jpg 1 44 58 25 25
0196_0030_0027_0044_0044.jpg 1 30 27 44 44
0197_0029_0039_0053_0053.jpg 1 29 39 53 53
0198_0039_0044_0030_0030.jpg 1 39 44 30 30
0199_0016_0015_0067_0067.jpg 1 16 15 67 67
0200_0009_0019_0030_0030.jpg 1 9 19 30 30
0201_0014_0029_0033_0033.jpg 1 14 29 33 33
0202_0017_0014_0036_0036.jpg 1 17 14 36 36
0203_0005_0026_0051_0051.jpg 1 5 26 51 51
0204_0012_0021_0035_0035.jpg 1 12 21 35 35
0205_0033_0008_0052_0052.jpg 1 33 8 52 52
0206_0021_0025_0050_0050.jpg 1 21 25 50 50
0207_0020_0008_0045_0045.jpg 1 20 8 45 45
0208_0038_0018_0046_0046.jpg 1 38 18 46 46
0209_0012_0012_0064_0064.jpg 1 12 12 64 64
0210_0004_0014_0055_0055.jpg 1 4 14 55 55
0211_0013_0034_0040_0040.jpg 1 13 34 40 40
0212_0042_0030_0047_0047.jpg 1 42 30 47 47
0213_0021_0030_0029_0029.jpg 1 21 30 29 29
0214_0052_0032_0040_0040.jpg 1 52 32 40 40
0215_0008_0026_0067_0067.jpg 1 8 26 67 67
0216_0037_0024_0050_0050.jpg 1 37 24 50 50
0217_0027_0020_0069_0069.jpg 1 27 20 69 69
0218_0005_0016_0068_0068.jpg 1 5 16 68 68
0219_0046_0043_0045_0045.jpg 1 46 43 45 45
0220_0015_0028_0057_0057.jpg 1 15 28 57 57
0221_0014_0034_0044_0044.jpg 1 14 34 44 44
0222_0005_0021_0054_0054.jpg 1 5 21 54 54
0223_0027_0008_0040_0040.jpg 1 27 8 40 40
0224_0020_0005_0047_0047.jpg 1 20 5 47 47
0225_0019_0027_0057_0057.jpg 1 19 27 57 57
0226_0052_0011_0035_0035.jpg 1 52 11 35 35
0227_0016_0027_0055_0055.jpg 1 16 27 55 55
0228_0018_0014_0061_0061.jpg 1 18 14 61 61
0229_0020_0034_0059_0059.jpg 1 20 34 59 59
0230_0034_0044_0046_0046.jpg 1 34 44 46 46
0231_0017_0025_0066_0066.jpg 1 17 25 66 66
0232_0009_0027_0051_0051.jpg 1 9 27 51 51
0233_0042_0032_0034_0034.jpg 1 42 32 34 34
0234_0025_0019_0062_0062.jpg 1 25 19 62 62
0235_0019_0032_0049_0049.jpg 1 19 32 49 49
0236_0023_0042_0032_0032.jpg 1 23 42 32 32
0237_0012_0024_0032_0032.jpg 1 12 24 32 32
0238_0003_0011_0068_0068.jpg 1 3 11 68 68
0239_0009_0054_0030_0030.jpg 1 9 54 30 30
0240_0009_0022_0068_0068.jpg 1 9 22 68 68
0241_0014_0020_0064_0064.jpg 1 14 20 64 64
0242_0008_0061_0026_0026.jpg 1 8 61 26 26
0243_0004_0026_0065_0065.jpg 1 4 26 65 65
0244_0005_0016_0051_0051.jpg 1 5 16 51 51
0245_0023_0037_0029_0029.jpg 1 23 37 29 29
0246_0013_0029_0065_0065.jpg 1 13 29 65 65
0247_0034_0035_0053_0053.jpg 1 34 35 53 53
0248_0037_0022_0046_0046.jpg 1 37 22 46 46
0249_0028_0063_0028_0028.jpg 1 28 63 28 28
0250_0017_0023_0060_0060.jpg 1 17 23 60 60
0251_0013_0027_0044_0044.jpg 1 13 27 44 44
0252_0020_0036_0046_0046.jpg 1 20 36 46 46
0253_0038_0007_0037_0037.jpg 1 38 7 37 37
0254_0036_0048_0043_0043.jpg 1 36 48 43 43
0255_0028_0028_0054_0054.jpg 1 28 28 54 54
0256_0044_0007_0047_0047.jpg 1 44 7 47 47
0257_0026_0028_0044_0044.jpg 1 26 28 44 44
0258_0027_0021_0040_0040.jpg 1 27 21 40 40
0259_0020_0012_0024_0024.jpg 1 20 12 24 24
0260_0061_0008_0028_0028.jpg 1 61 8 28 28
0261_0018_0058_0030_0030.jpg 1 18 58 30 30
0262_0004_0006_0069_0069.jpg 1 4 6 69 69
0263_0018_0039_0034_0034.jpg 1 18 39 34 34
0264_0027_0006_0064_0064.jpg 1 27 6 64 64
0265_0023_0024_0059_0059.jpg 1 23 24 59 59
0266_0039_0035_0034_0034.jpg 1 39 35 34 34
0267_0011_0025_0027_0027.jpg 1 11 25 27 27
0268_0041_0021_0034_0034.jpg 1 41 21 34 34
0269_0029_0025_0041_0041.jpg 1 29 25 41 41
0270_0042_0021_0040_0040.jpg 1 42 21 40 40
0271_0012_0024_0067_0067.jpg 1 12 24 67 67
0272_0024_0029_0067_0067.jpg 1 24 29 67 67
0273_0010_0023_0051_0051.jpg 1 10 23 51 51
0274_0010_0004_0068_0068.jpg 1 10 4 68 68
0275_0025_0024_0067_0067.jpg 1 25 24 67 67
0276_0006_0017_0068_0068.jpg 1 6 17 68 68
0277_0020_0005_0068_0068.jpg 1 20 5 68 68
0278_0043_0023_0030_0030.jpg 1 43 23 30 30
0279_0015_0008_0064_0064.jpg 1 15 8 64 64
0280_0012_0007_0044_0044.jpg 1 12 7 44 44
0281_0051_0053_0038_0038.jpg 1 51 53 38 38
0282_0049_0016_0041_0041.jpg 1 49 16 41 41
0283_0030_0036_0041_0041.jpg 1 30 36 41 41
0284_0009_0021_0054_0054.jpg 1 9 21 54 54
0285_0036_0034_0058_0058.jpg 1 36 34 58 58
0286_0022_0014_0061_0061.jpg 1 22 14 61 61
0287_0008_0008_0063_0063.jpg 1 8 8 63 63
0288_0024_0028_0038_0038.jpg 1 24 28 38 38
0289_0026_0010_0066_0066.jpg 1 26 10 66 66
0290_0047_0020_0035_0035.jpg 1 47 20 35 35
0291_0057_0043_0026_0026.jpg 1 57 43 26 26
0292_0033_0040_0050_0050.jpg 1 33 40 50 50
0293_0054_0040_0028_0028.jpg 1 54 40 28 28
0294_0038_0016_0038_0038.jpg 1 38 16 38 38
0295_0032_0034_0036_0036.jpg 1 32 34 36 36
0296_0018_0009_0064_0064.jpg 1 18 9 64 64
0297_0029_0056_0033_0033.jpg 1 29 56 33 33
0298_0018_0022_0062_0062.jpg 1 18 22 62 62
0299_0011_0035_0025_0025.jpg 1 11 35 25 25
0300_0044_0022_0036_0036.jpg 1 44 22 36 36
0301_0013_0041_0040_0040.jpg 1 13 41 40 40
0302_0036_0031_0050_0050.jpg 1 36 31 50 50
0303_0004_0025_0069_0069.jpg 1 4 25 69 69
0304_0005_0006_0051_0051.jpg 1 5 6 51 51
0305_0032_0013_0036_0036.jpg 1 32 13 36 36
0306_0008_0049_0043_0043.jpg 1 8 49 43 43
0307_0032_0056_0029_0029.jpg 1 32 56 29 29
0308_0027_0041_0048_0048.jpg 1 27 41 48 48
0309_0009_0022_0038_0038.jpg 1 9 22 38 38
0310_0024_0020_0037_0037.jpg 1 24 20 37 37
0311_0048_0017_0035_0035.jpg 1 48 17 35 35
0312_0013_0038_0048_0048.jpg 1 13 38 48 48
0313_0013_0021_0030_0030.jpg 1 13 21 30 30
0314_0055_0035_0031_0031.jpg 1 55 35 31 31
0315_0022_0032_0052_0052.jpg 1 22 32 52 52
0316_0014_0033_0050_0050.jpg 1 14 33 50 50
0317_0040_0025_0034_0034.jpg 1 40 25 34 34
0318_0034_0018_0057_0057.jpg 1 34 18 57 57
0319_0041_0038_0043_0043.jpg 1 41 38 43 43
0320_0025_0022_0034_0034.jpg 1 25 22 34 34
0321_0045_0057_0030_0030.jpg 1 45 57 30 30
0322_0019_0026_0060_0060.jpg 1 19 26 60 60
0323_0020_0004_0061_0061.jpg 1 20 4 61 61
0324_0044_0043_0036_0036.jpg 1 44 43 36 36
0325_0010_0020_0035_0035.jpg 1 10 20 35 35
0326_0032_0020_0028_0028.jpg 1 32 20 28 28
0327_0013_0045_0048_0048.jpg 1 13 45 48 48
0328_0041_0010_0040_0040.jpg 1 41 10 40 40
0329_0039_0038_0055_0055.jpg 1 39 38 55 55
0330_0013_0025_0056_0056.jpg 1 13 25 56 56
0331_0037_0010_0052_0052.jpg 1 37 10 52 52
0332_0026_0011_0058_0058.jpg 1 26 11 58 58
0333_0037_0016_0055_0055.jpg 1 37 16 55 55
0334_0008_0052_0034_0034.jpg 1 8 52 34 34
0335_0040_0018_0037_0037.jpg 1 40 18 37 37
0336_0031_0032_0051_0051.jpg 1 31 32 51 51
0337_0013_0026_0027_0027.jpg 1 13 26 27 27
0338_0021_0009_0046_0046.jpg 1 21 9 46 46
0339_0045_0032_0032_0032.jpg 1 45 32 32 32
0340_0021_0013_0069_0069.jpg 1 21 13 69 69
0341_0049_0020_0029_0029.jpg 1 49 20 29 29
0342_0009_0022_0062_0062.jpg 1 9 22 62 62
0343_0013_0026_0058_0058.jpg 1 13 26 58 58
0344_0057_0055_0029_0029.jpg 1 57 55 29 29
0345_0017_0011_0028_0028.jpg 1 17 11 28 28
0346_0022_0039_0053_0053.jpg 1 22 39 53 53
0347_0026_0029_0063_0063.jpg 1 26 29 63 63
0348_0029_0025_0067_0067.jpg 1 29 25 67 67
0349_0029_0053_0037_0037.jpg 1 29 53 37 37
0350_0012_0027_0055_0055.jpg 1 12 27 55 55
0351_0027_0036_0047_0047.jpg 1 27 36 47 47
0352_0037_0047_0047_0047.jpg 1 37 47 47 47
0353_0004_0036_0058_0058.jpg 1 4 36 58 58
0354_0010_0018_0051_0051.jpg 1 10 18 51 51
0355_0009_0013_0054_0054.jpg 1 9 13 54 54
0356_0056_0034_0030_0030.jpg 1 56 34 30 30
0357_0033_0034_0042_0042.jpg 1 33 34 42 42
0358_0025_0030_0059_0059.jpg 1 25 30 59 59
0359_0007_0056_0031_0031.jpg 1 7 56 31 31
0360_0016_0022_0043_0043.jpg 1 16 22 43 43
0361_0044_0050_0036_0036.jpg 1 44 50 36 36
0362_0008_0023_0046_0046.jpg 1 8 23 46 46
0363_0040_0052_0040_0040.jpg 1 40 52 40 40
0364_0037_0012_0056_0056.jpg 1 37 12 56 56
0365_0051_0051_0034_0034.jpg 1 51 51 34 34
0366_0034_0032_0060_0060.jpg 1 34 32 60 60
0367_0024_0021_0050_0050.jpg 1 24 21 50 50
0368_0037_0040_0042_0042.jpg 1 37 40 42 42
0369_0032_0024_0041_0041.jpg 1 32 24 41 41
0370_0047_0059_0025_0025.jpg 1 47 59 25 25
0371_0035_0026_0054_0054.jpg 1 35 26 54 54
0372_0011_0039_0036_0036.jpg 1 11 39 36 36
0373_0027_0027_0056_0056.jpg 1 27 27 56 56
0374_0047_0019_0047_0047.jpg 1 47 19 47 47
0375_0037_0036_0052_0052.jpg 1 37 36 52 52
0376_0011_0010_0057_0057.jpg 1 11 10 57 57
0377_0018_0030_0045_0045.jpg 1 18 30 45 45
0378_0028_0006_0050_0050.jpg 1 28 6 50 50
0379_0024_0011_0046_0046.jpg 1 24 11 46 46
0380_0055_0015_0033_0033.jpg 1 55 15 33 33
0381_0035_0016_0056_0056.jpg 1 35 16 56 56
0382_0010_0011_0047_0047.jpg 1 10 11 47 47
0383_0038_0059_0027_0027.jpg 1 38 59 27 27
0384_0037_0038_0048_0048.jpg 1 37 38 48 48
0385_0036_0025_0031_0031.jpg 1 36 25 31 31
0386_0019_0008_0067_0067.jpg 1 19 8 67 67
0387_0025_0041_0053_0053.jpg 1 25 41 53 53
0388_0027_0016_0063_0063.jpg 1 27 16 63 63
0389_0013_0024_0046_0046.jpg 1 13 24 46 46
0390_0040_0048_0045_0045.jpg 1 40 48 45 45
0391_0010_0034_0049_0049.jpg 1 10 34 49 49
0392_0021_0024_0033_0033.jpg 1 21 24 33 33
0393_0016_0018_0069_0069.jpg 1 16 18 69 69
0394_0019_0011_0064_0064.jpg 1 19 11 64 64
0395_0050_0045_0032_0032.jpg 1 50 45 32 32
0396_0021_0026_0054_0054.jpg 1 21 26 54 54
0397_0031_0029_0044_0044.jpg 1 31 29 44 44
0398_0030_0051_0028_0028.jpg 1 30 51 28 28
0399_0009_0048_0040_0040.jpg 1 9 48 40 40
0400_0008_0014_0059_0059.jpg 1 8 14 59 59
0401_0011_0015_0062_0062.jpg 1 11 15 62 62
0402_0039_0012_0049_0049.jpg 1 39 12 49 49
0403_0030_0028_0057_0057.jpg 1 30 28 57 57
0404_0012_0020_0060_0060.jpg 1 12 20 60 60
0405_0028_0030_0056_0056.jpg 1 28 30 56 56
0406_0043_0048_0041_0041.jpg 1 43 48 41 41
0407_0055_0051_0028_0028.jpg 1 55 51 28 28
0408_0012_0008_0039_0039.jpg 1 12 8 39 39
0409_0047_0022_0031_0031.jpg 1 47 22 31 31
0410_0032_0017_0054_0054.jpg 1 32 17 54 54
0411_0015_0045_0027_0027.jpg 1 15 45 27 27
0412_0020_0033_0061_0061.jpg 1 20 33 61 61
0413_0028_0023_0065_0065.jpg 1 28 23 65 65
0414_0040_0037_0053_0053.jpg 1 40 37 53 53
0415_0019_0039_0051_0051.jpg 1 19 39 51 51
0416_0009_0024_0030_0030.jpg 1 9 24 30 30
0417_0034_0034_0034_0034.jpg 1 34 34 34 34
0418_0013_0027_0059_0059.jpg 1 13 27 59 59
0419_0015_0021_0065_0065.jpg 1 15 21 65 65
0420_0017_0006_0062_0062.jpg 1 17 6 62 62
0421_0048_0006_0045_0045.jpg 1 48 6 45 45
0422_0010_0013_0064_0064.jpg 1 10 13 64 64
0423_0058_0031_0032_0032.jpg 1 58 31 32 32
0424_0022_0017_0035_0035.jpg 1 22 17 35 35
0425_0028_0038_0027_0027.jpg 1 28 38 27 27
0426_0027_0008_0050_0050.jpg 1 27 8 50 50
0427_0030_0026_0040_0040.jpg 1 30 26 40 40
0428_0009_0006_0069_0069.jpg 1 9 6 69 69
0429_0020_0058_0035_0035.jpg 1 20 58 35 35
0430_0029_0038_0029_0029.jpg 1 29 38 29 29
0431_0047_0010_0045_0045.jpg 1 47 10 45 45
0432_0026_0009_0065_0065.jpg 1 26 9 65 65
0433_0034_0042_0039_0039.jpg 1 34 42 39 39
0434_0041_0037_0038_0038.jpg 1 41 37 38 38
0435_0035_0027_0059_0059.jpg 1 35 27 59 59
0436_0016_0031_0057_0057.jpg 1 16 31 57 57
0437_0015_0030_0056_0056.jpg 1 15 30 56 56
0438_0004_0006_0057_0057.jpg 1 4 6 57 57
0439_0033_0011_0040_0040.jpg 1 33 11 40 40
0440_0011_0017_0060_0060.jpg 1 11 17 60 60
0441_0009_0019_0066_0066.jpg 1 9 19 66 66
0442_0020_0015_0050_0050.jpg 1 20 15 50 50
0443_0012_0008_0061_0061.jpg 1 12 8 61 61
0444_0009_0010_0062_0062.jpg 1 9 10 62 62
0445_0016_0027_0029_0029.jpg 1 16 27 29 29
0446_0013_0014_0030_0030.jpg 1 13 14 30 30
0447_0016_0024_0051_0051.jpg 1 16 24 51 51
0448_0031_0031_0055_0055.jpg 1 31 31 55 55
0449_0043_0052_0024_0024.jpg 1 43 52 24 24
0450_0004_0022_0064_0064.jpg 1 4 22 64 64
0451_0036_0050_0042_0042.jpg 1 36 50 42 42
0452_0031_0032_0036_0036.jpg 1 31 32 36 36
0453_0027_0014_0053_0053.jpg 1 27 14 53 53
0454_0028_0029_0043_0043.jpg 1 28 29 43 43
0455_0007_0007_0030_0030.jpg 1 7 7 30 30
0456_0047_0037_0033_0033.jpg 1 47 37 33 33
0457_0003_0030_0063_0063.jpg 1 3 30 63 63
0458_0033_0016_0051_0051.jpg 1 33 16 51 51
0459_0058_0048_0030_0030.jpg 1 58 48 30 30
0460_0016_0019_0040_0040.jpg 1 16 19 40 40
0461_0026_0013_0058_0058.jpg 1 26 13 58 58
0462_0035_0048_0030_0030.jpg 1 35 48 30 30
0463_0005_0019_0058_0058.jpg 1 5 19 58 58
0464_0008_0022_0047_0047.jpg 1 8 22 47 47
0465_0015_0026_0054_0054.jpg 1 15 26 54 54
0466_0015_0029_0045_0045.jpg 1 15 29 45 45
0467_0044_0027_0047_0047.jpg 1 44 27 47 47
0468_0009_0033_0051_0051.jpg 1 9 33 51 51
0469_0011_0021_0066_0066.jpg 1 11 21 66 66
0470_0011_0032_0053_0053.jpg 1 11 32 53 53
0471_0046_0029_0041_0041.jpg 1 46 29 41 41
0472_0046_0011_0039_0039.jpg 1 46 11 39 39
0473_0038_0028_0040_0040.jpg 1 38 28 40 40
0474_0011_0019_0069_0069.jpg 1 11 19 69 69
0475_0058_0046_0035_0035.jpg 1 58 46 35 35
0476_0008_0062_0028_0028.jpg 1 8 62 28 28
0477_0066_0027_0026_0026.jpg 1 66 27 26 26
0478_0008_0040_0050_0050.jpg 1 8 40 50 50
0479_0011_0038_0051_0051.jpg 1 11 38 51 51
0480_0010_0005_0046_0046.jpg 1 10 5 46 46
0481_0018_0034_0028_0028.jpg 1 18 34 28 28
0482_0036_0024_0055_0055.jpg 1 36 24 55 55
0483_0021_0008_0058_0058.jpg 1 21 8 58 58
0484_0023_0007_0054_0054.jpg 1 23 7 54 54
0485_0020_0019_0046_0046.jpg 1 20 19 46 46
0486_0010_0014_0062_0062.jpg 1 10 14 62 62
0487_0021_0017_0062_0062.jpg 1 21 17 62 62
0488_0018_0028_0030_0030.jpg 1 18 28 30 30
0489_0017_0018_0052_0052.jpg 1 17 18 52 52
0490_0042_0026_0045_0045.jpg 1 42 26 45 45
0491_0030_0019_0059_0059.jpg 1 30 19 59 59
0492_0012_0010_0052_0052.jpg 1 12 10 52 52
0493_0011_0019_0056_0056.jpg 1 11 19 56 56
0494_0012_0006_0056_0056.jpg 1 12 6 56 56
0495_0008_0008_0068_0068.jpg 1 8 8 68 68
0496_0027_0047_0036_0036.jpg 1 27 47 36 36
0497_0030_0022_0060_0060.jpg 1 30 22 60 60
0498_0014_0032_0052_0052.jpg 1 14 32 52 52
0499_0023_0044_0042_0042.jpg 1 23 44 42 42
0500_0012_0019_0057_0057.jpg 1 12 19 57 57
0501_0015_0010_0066_0066.jpg 1 15 10 66 66
0502_0036_0014_0051_0051.jpg 1 36 14 51 51
0503_0014_0038_0030_0030.jpg 1 14 38 30 30
0504_0022_0023_0047_0047.jpg 1 22 23 47 47
0505_0020_0015_0069_0069.jpg 1 20 15 69 69
0506_0033_0027_0026_0026.jpg 1 33 27 26 26
0507_0033_0014_0059_0059.jpg 1 33 14 59 59
0508_0033_0037_0049_0049.jpg 1 33 37 49 49
0509_0026_0045_0028_0028.jpg 1 26 45 28 28
0510_0046_0019_0037_0037.jpg 1 46 19 37 37
0511_0045_0052_0031_0031.jpg 1 45 52 31 31
0512_0005_0028_0062_0062.jpg 1 5 28 62 62
0513_0025_0027_0067_0067.jpg 1 25 27 67 67
0514_0033_0022_0061_0061.jpg 1 33 22 61 61
0515_0032_0018_0049_0049.jpg 1 32 18 49 49
0516_0007_0028_0059_0059.jpg 1 7 28 59 59
0517_0012_0024_0069_0069.jpg 1 12 24 69 69
0518_0014_0023_0042_0042.jpg 1 14 23 42 42
0519_0036_0017_0033_0033.jpg 1 36 17 33 33
0520_0020_0011_0069_0069.jpg 1 20 11 69 69
0521_0021_0027_0068_0068.jpg 1 21 27 68 68
0522_0013_0037_0047_0047.jpg 1 13 37 47 47
0523_0037_0033_0050_0050.jpg 1 37 33 50 50
0524_0006_0007_0061_0061.jpg 1 6 7 61 61
0525_0006_0020_0063_0063.jpg 1 6 20 63 63
0526_0041_0033_0035_0035.jpg 1 41 33 35 35
0527_0025_0007_0047_0047.jpg 1 25 7 47 47
0528_0034_0034_0051_0051.jpg 1 34 34 51 51
0529_0020_0061_0026_0026.jpg 1 20 61 26 26
0530_0028_0041_0053_0053.jpg 1 28 41 53 53
0531_0013_0022_0068_0068.jpg 1 13 22 68 68
0532_0010_0019_0054_0054.jpg 1 10 19 54 54
0533_0030_0016_0051_0051.jpg 1 30 16 51 51
0534_0015_0009_0062_0062.jpg 1 15 9 62 62
0535_0041_0010_0041_0041.jpg 1 41 10 41 41
0536_0030_0048_0028_0028.jpg 1 30 48 28 28
0537_0048_0060_0029_0029.jpg 1 48 60 29 29
0538_0045_0027_0034_0034.jpg 1 45 27 34 34
0539_0022_0021_0055_0055.jpg 1 22 21 55 55
0540_0039_0012_0052_0052.jpg 1 39 12 52 52
0541_0017_0007_0043_0043.jpg 1 17 7 43 43
0542_0018_0020_0066_0066.jpg 1 18 20 66 66
0543_0033_0035_0033_0033.jpg 1 33 35 33 33
0544_0005_0024_0061_0061.jpg 1 5 24 61 61
0545_0031_0012_0062_0062.jpg 1 31 12 62 62
0546_0038_0050_0032_0032.jpg 1 38 50 32 32
0547_0009_0043_0033_0033.jpg 1 9 43 33 33
0548_0026_0021_0028_0028.jpg 1 26 21 28 28
0549_0012_0025_0067_0067.jpg 1 12 25 67 67
0550_0054_0041_0037_0037.jpg 1 54 41 37 37
0551_0031_0008_0062_0062.jpg 1 31 8 62 62
0552_0015_0019_0033_0033.jpg 1 15 19 33 33
0553_0007_0011_0032_0032.jpg 1 7 11 32 32
0554_0010_0030_0040_0040.jpg 1 10 30 40 40
0555_0006_0008_0061_0061.jpg 1 6 8 61 61
0556_0031_0021_0061_0061.jpg 1 31 21 61 61
0557_0011_0057_0027_0027.jpg 1 11 57 27 27
0558_0020_0007_0045_0045.jpg 1 20 7 45 45
0559_0059_0016_0033_0033.jpg 1 59 16 33 33
0560_0041_0038_0031_0031.jpg 1 41 38 31 31
0561_0005_0032_0058_0058.jpg 1 5 32 58 58
0562_0031_0012_0031_0031.jpg 1 31 12 31 31
0563_0021_0018_0068_0068.jpg 1 21 18 68 68
0564_0019_0009_0041_0041.jpg 1 19 9 41 41
0565_0011_0015_0060_0060.jpg 1 11 15 60 60
0566_0029_0042_0034_0034.jpg 1 29 42 34 34
0567_0052_0059_0027_0027.jpg 1 52 59 27 27
0568_0045_0018_0038_0038.jpg 1 45 18 38 38
0569_0048_0009_0027_0027.jpg 1 48 9 27 27
0570_0057_0021_0036_0036.jpg 1 57 21 36 36
0571_0033_0051_0037_0037.jpg 1 33 51 37 37
0572_0036_0010_0043_0043.jpg 1 36 10 43 43
0573_0008_0032_0051_0051.jpg 1 8 32 51 51
0574_0020_0016_0025_0025.jpg 1 20 16 25 25
0575_0018_0020_0062_0062.jpg 1 18 20 62 62
0576_0029_0005_0060_0060.jpg 1 29 5 60 60
0577_0059_0019_0024_0024.jpg 1 59 19 24 24
0578_0007_0024_0057_0057.jpg 1 7 24 57 57
0579_0032_0017_0051_0051.jpg 1 32 17 51 51
0580_0016_0041_0053_0053.jpg 1 16 41 53 53
0581_0026_0013_0061_0061.jpg 1 26 13 61 61
0582_0040_0008_0042_0042.jpg 1 40 8 42 42
0583_0038_0008_0043_0043.jpg 1 38 8 43 43
0584_0012_0037_0043_0043.jpg 1 12 37 43 43
0585_0019_0032_0048_0048.jpg 1 19 32 48 48
0586_0024_0011_0047_0047.jpg 1 24 11 47 47
0587_0031_0056_0035_0035.jpg 1 31 56 35 35
0588_0017_0057_0024_0024.jpg 1 17 57 24 24
0589_0029_0031_0038_0038.jpg 1 29 31 38 38
0590_0021_0007_0055_0055.jpg 1 21 7 55 55
0591_0016_0011_0047_0047.jpg 1 16 11 47 47
0592_0043_0038_0046_0046.jpg 1 43 38 46 46
0593_0024_0028_0045_0045.jpg 1 24 28 45 45
0594_0025_0012_0042_0042.jpg 1 25 12 42 42
0595_0023_0051_0030_0030.jpg 1 23 51 30 30
0596_0031_0044_0042_0042.jpg 1 31 44 42 42
0597_0043_0006_0046_0046.jpg 1 43 6 46 46
0598_0043_0039_0044_0044.jpg 1 43 39 44 44
0599_0008_0012_0067_0067.jpg 1 8 12 67 67
0600_0009_0011_0051_0051.jpg 1 9 11 51 51
0601_0034_0010_0051_0051.jpg 1 34 10 51 51
0602_0018_0037_0031_0031.jpg 1 18 37 31 31
0603_0031_0035_0042_0042.jpg 1 31 35 42 42
0604_0019_0015_0025_0025.jpg 1 19 15 25 25
0605_0053_0050_0033_0033.jpg 1 53 50 33 33
0606_0023_0027_0035_0035.jpg 1 23 27 35 35
0607_0013_0018_0049_0049.jpg 1 13 18 49 49
0608_0005_0037_0053_0053.jpg 1 5 37 53 53
0609_0044_0053_0038_0038.jpg 1 44 53 38 38
0610_0021_0036_0041_0041.jpg 1 21 36 41 41
0611_0015_0013_0065_0065.jpg 1 15 13 65 65
0612_0034_0028_0049_0049.jpg 1 34 28 49 49
0613_0004_0035_0057_0057.jpg 1 4 35 57 57
0614_0004_0011_0068_0068.jpg 1 4 11 68 68
0615_0027_0025_0037_0037.jpg 1 27 25 37 37
0616_0012_0011_0065_0065.jpg 1 12 11 65 65
0617_0017_0032_0062_0062.jpg 1 17 32 62 62
0618_0035_0008_0056_0056.jpg 1 35 8 56 56
0619_0029_0031_0054_0054.jpg 1 29 31 54 54
0620_0010_0035_0032_0032.jpg 1 10 35 32 32
0621_0020_0009_0029_0029.jpg 1 20 9 29 29
0622_0018_0024_0069_0069.jpg 1 18 24 69 69
0623_0042_0037_0049_0049.jpg 1 42 37 49 49
0624_0007_0003_0062_0062.jpg 1 7 3 62 62
0625_0021_0005_0048_0048.jpg 1 21 5 48 48
0626_0031_0018_0050_0050.jpg 1 31 18 50 50
0627_0029_0031_0060_0060.jpg 1 29 31 60 60
0628_0020_0055_0031_0031.jpg 1 20 55 31 31
0629_0024_0008_0064_0064.jpg 1 24 8 64 64
0630_0013_0021_0055_0055.jpg 1 13 21 55 55
0631_0012_0017_0057_0057.jpg 1 12 17 57 57
0632_0028_0036_0034_0034.jpg 1 28 36 34 34
0633_0035_0013_0058_0058.jpg 1 35 13 58 58
0634_0030_0014_0062_0062.jpg 1 30 14 62 62
0635_0035_0044_0046_0046.jpg 1 35 44 46 46
0636_0006_0013_0049_0049.jpg 1 6 13 49 49
0637_0034_0014_0058_0058.jpg 1 34 14 58 58
0638_0038_0007_0057_0057.jpg 1 38 7 57 57
0639_0054_0046_0036_0036.jpg 1 54 46 36 36
0640_0046_0042_0026_0026.jpg 1 46 42 26 26
0641_0041_0007_0049_0049.jpg 1 41 7 49 49
0642_0042_0024_0037_0037.jpg 1 42 24 37 37
0643_0053_0041_0026_0026.jpg 1 53 41 26 26
0644_0057_0055_0032_0032.jpg 1 57 55 32 32
0645_0037_0022_0056_0056.jpg 1 37 22 56 56
0646_0013_0028_0049_0049.jpg 1 13 28 49 49
0647_0007_0028_0053_0053.jpg 1 7 28 53 53
0648_0020_0031_0059_0059.jpg 1 20 31 59 59
0649_0024_0014_0033_0033.jpg 1 24 14 33 33
0650_0014_0018_0039_0039.jpg 1 14 18 39 39
0651_0047_0030_0041_0041.jpg 1 47 30 41 41
0652_0058_0040_0025_0025.jpg 1 58 40 25 25
0653_0030_0020_0028_0028.jpg 1 30 20 28 28
0654_0051_0047_0030_0030.jpg 1 51 47 30 30
0655_0032_0009_0050_0050.jpg 1 32 9 50 50
0656_0023_0018_0052_0052.jpg 1 23 18 52 52
0657_0039_0049_0042_0042.jpg 1 39 49 42 42
0658_0030_0053_0039_0039.jpg 1 30 53 39 39
0659_0045_0014_0035_0035.jpg 1 45 14 35 35
0660_0007_0009_0067_0067.jpg 1 7 9 67 67
0661_0025_0017_0034_0034.jpg 1 25 17 34 34
0662_0004_0025_0054_0054.jpg 1 4 25 54 54
0663_0014_0007_0062_0062.jpg 1 14 7 62 62
0664_0021_0014_0064_0064.jpg 1 21 14 64 64
0665_0010_0020_0037_0037.jpg 1 10 20 37 37
0666_0012_0024_0062_0062.jpg 1 12 24 62 62
0667_0008_0024_0031_0031.jpg 1 8 24 31 31
0668_0004_0023_0064_0064.jpg 1 4 23 64 64
0669_0029_0026_0035_0035.jpg 1 29 26 35 35
0670_0026_0010_0062_0062.jpg 1 26 10 62 62
0671_0005_0017_0064_0064.jpg 1 5 17 64 64
0672_0019_0037_0036_0036.jpg 1 19 37 36 36
0673_0010_0024_0065_0065.jpg 1 10 24 65 65
0674_0045_0043_0048_0048.jpg 1 45 43 48 48
0675_0012_0014_0055_0055.jpg 1 12 14 55 55
0676_0037_0051_0038_0038.jpg 1 37 51 38 38
0677_0011_0025_0057_0057.jpg 1 11 25 57 57
0678_0007_0011_0058_0058.jpg 1 7 11 58 58
0679_0020_0029_0063_0063.jpg 1 20 29 63 63
0680_0024_0013_0033_0033.jpg 1 24 13 33 33
0681_0027_0018_0057_0057.jpg 1 27 18 57 57
0682_0020_0032_0050_0050.jpg 1 20 32 50 50
0683_0022_0028_0056_0056.jpg 1 22 28 56 56
0684_0033_0059_0025_0025.jpg 1 33 59 25 25
0685_0038_0006_0048_0048.jpg 1 38 6 48 48
0686_0008_0024_0056_0056.jpg 1 8 24 56 56
0687_0047_0042_0042_0042.jpg 1 47 42 42 42
0688_0014_0017_0061_0061.jpg 1 14 17 61 61
0689_0020_0027_0063_0063.jpg 1 20 27 63 63
0690_0024_0017_0064_0064.jpg 1 24 17 64 64
0691_0012_0029_0026_0026.jpg 1 12 29 26 26
0692_0009_0020_0030_0030.jpg 1 9 20 30 30
0693_0031_0026_0051_0051.jpg 1 31 26 51 51
0694_0044_0022_0035_0035.jpg 1 44 22 35 35
0695_0029_0028_0064_0064.jpg 1 29 28 64 64
0696_0027_0040_0036_0036.jpg 1 27 40 36 36
0697_0036_0009_0057_0057.jpg 1 36 9 57 57
0698_0033_0012_0051_0051.jpg 1 33 12 51 51
0699_0040_0016_0036_0036.jpg 1 40 16 36 36
0700_0013_0021_0056_0056.jpg 1 13 21 56 56
0701_0032_0015_0053_0053.jpg 1 32 15 53 53
0702_0039_0026_0032_0032.jpg 1 39 26 32 32
0703_0044_0011_0045_0045.jpg 1 44 11 45 45
0704_0019_0033_0045_0045.jpg 1 19 33 45 45
0705_0007_0025_0039_0039.jpg 1 7 25 39 39
0706_0014_0009_0063_0063.jpg 1 14 9 63 63
0707_0018_0017_0026_0026.jpg 1 18 17 26 26
0708_0015_0037_0055_0055.jpg 1 15 37 55 55
0709_0008_0036_0046_0046.jpg 1 8 36 46 46
0710_0006_0012_0060_0060.jpg 1 6 12 60 60
0711_0040_0022_0049_0049.jpg 1 40 22 49 49
0712_0021_0034_0037_0037.jpg 1 21 34 37 37
0713_0018_0031_0040_0040.jpg 1 18 31 40 40
0714_0045_0047_0029_0029.jpg 1 45 47 29 29
0715_0010_0033_0048_0048.jpg 1 10 33 48 48
0716_0012_0041_0035_0035.jpg 1 12 41 35 35
0717_0013_0038_0026_0026.jpg 1 13 38 26 26
0718_0043_0016_0050_0050.jpg 1 43 16 50 50
0719_0034_0025_0035_0035.jpg 1 34 25 35 35
0720_0032_0006_0033_0033.jpg 1 32 6 33 33
0721_0004_0013_0063_0063.jpg 1 4 13 63 63
0722_0057_0061_0026_0026.jpg 1 57 61 26 26
0723_0032_0021_0027_0027.jpg 1 32 21 27 27
0724_0045_0029_0046_0046.jpg 1 45 29 46 46
0725_0030_0034_0041_0041.jpg 1 30 34 41 41
0726_0038_0026_0056_0056.jpg 1 38 26 56 56
0727_0016_0025_0069_0069.jpg 1 16 25 69 69
0728_0052_0025_0038_0038.jpg 1 52 25 38 38
0729_0025_0030_0049_0049.jpg 1 25 30 49 49
0730_0055_0040_0026_0026.jpg 1 55 40 26 26
0731_0019_0014_0055_0055.jpg 1 19 14 55 55
0732_0006_0038_0048_0048.jpg 1 6 38 48 48
0733_0059_0011_0026_0026.jpg 1 59 11 26 26
0734_0009_0019_0069_0069.jpg 1 9 19 69 69
0735_0018_0042_0029_0029.jpg 1 18 42 29 29
0736_0040_0050_0033_0033.jpg 1 40 50 33 33
0737_0024_0009_0027_0027.jpg 1 24 9 27 27
0738_0021_0043_0039_0039.jpg 1 21 43 39 39
0739_0007_0008_0061_0061.jpg 1 7 8 61 61
0740_0034_0014_0050_0050.jpg 1 34 14 50 50
0741_0052_0043_0035_0035.jpg 1 52 43 35 35
0742_0040_0021_0036_0036.jpg 1 40 21 36 36
0743_0006_0013_0051_0051.jpg 1 6 13 51 51
0744_0017_0024_0051_0051.jpg 1 17 24 51 51
0745_0010_0045_0043_0043.jpg 1 10 45 43 43
0746_0010_0022_0025_0025.jpg 1 10 22 25 25
0747_0033_0063_0026_0026.jpg 1 33 63 26 26
0748_0018_0008_0054_0054.jpg 1 18 8 54 54
0749_0029_0010_0062_0062.jpg 1 29 10 62 62
0750_0047_0024_0047_0047.jpg 1 47 24 47 47
0751_0027_0013_0068_0068.jpg 1 27 13 68 68
0752_0038_0015_0056_0056.jpg 1 38 15 56 56
0753_0011_0005_0047_0047.jpg 1 11 5 47 47
0754_0016_0006_0060_0060.jpg 1 16 6 60 60
0755_0017_0035_0028_0028.jpg 1 17 35 28 28
0756_0043_0046_0037_0037.jpg 1 43 46 37 37
0757_0044_0047_0039_0039.jpg 1 44 47 39 39
0758_0017_0009_0053_0053.jpg 1 17 9 53 53
0759_0027_0017_0051_0051.jpg 1 27 17 51 51
0760_0021_0034_0060_0060.jpg 1 21 34 60 60
0761_0038_0058_0025_0025.jpg 1 38 58 25 25
0762_0043_0053_0041_0041.jpg 1 43 53 41 41
0763_0006_0046_0042_0042.jpg 1 6 46 42 42
0764_0027_0006_0052_0052.jpg 1 27 6 52 52
0765_0049_0046_0041_0041.jpg 1 49 46 41 41
0766_0008_0025_0068_0068.jpg 1 8 25 68 68
0767_0016_0004_0068_0068.jpg 1 16 4 68 68
0768_0025_0015_0065_0065.jpg 1 25 15 65 65
0769_0017_0015_0058_0058.jpg 1 17 15 58 58
0770_0038_0028_0053_0053.jpg 1 38 28 53 53
0771_0049_0013_0033_0033.jpg 1 49 13 33 33
0772_0031_0042_0050_0050.jpg 1 31 42 50 50
0773_0021_0047_0044_0044.jpg 1 21 47 44 44
0774_0026_0044_0041_0041.jpg 1 26 44 41 41
0775_0036_0017_0043_0043.jpg 1 36 17 43 43
0776_0040_0038_0039_0039.jpg 1 40 38 39 39
0777_0047_0056_0030_0030.jpg 1 47 56 30 30
0778_0046_0023_0031_0031.jpg 1 46 23 31 31
0779_0020_0033_0051_0051.jpg 1 20 33 51 51
0780_0030_0017_0052_0052.jpg 1 30 17 52 52
0781_0023_0012_0061_0061.jpg 1 23 12 61 61
0782_0004_0019_0064_0064.jpg 1 4 19 64 64
0783_0029_0005_0067_0067.jpg 1 29 5 67 67
0784_0021_0034_0042_0042.jpg 1 21 34 42 42
0785_0010_0016_0045_0045.jpg 1 10 16 45 45
0786_0038_0006_0056_0056.jpg 1 38 6 56 56
0787_0021_0040_0053_0053.jpg 1 21 40 53 53
0788_0022_0016_0059_0059.jpg 1 22 16 59 59
0789_0044_0029_0042_0042.jpg 1 44 29 42 42
0790_0029_0037_0043_0043.jpg 1 29 37 43 43
0791_0058_0045_0033_0033.jpg 1 58 45 33 33
0792_0019_0032_0039_0039.jpg 1 19 32 39 39
0793_0033_0045_0028_0028.jpg 1 33 45 28 28
0794_0057_0019_0024_0024.jpg 1 57 19 24 24
0795_0022_0021_0053_0053.jpg 1 22 21 53 53
0796_0040_0011_0030_0030.jpg 1 40 11 30 30
0797_0015_0034_0033_0033.jpg 1 15 34 33 33
0798_0022_0005_0058_0058.jpg 1 22 5 58 58
0799_0011_0010_0059_0059.jpg 1 11 10 59 59
0800_0023_0023_0029_0029.jpg 1 23 23 29 29
0801_0029_0044_0042_0042.jpg 1 29 44 42 42
0802_0018_0024_0059_0059.jpg 1 18 24 59 59
0803_0008_0019_0068_0068.jpg 1 8 19 68 68
0804_0043_0011_0050_0050.jpg 1 43 11 50 50
0805_0012_0038_0053_0053.jpg 1 12 38 53 53
0806_0020_0010_0065_0065.jpg 1 20 10 65 65
0807_0047_0015_0036_0036.jpg 1 47 15 36 36
0808_0030_0019_0052_0052.jpg 1 30 19 52 52
0809_0018_0007_0030_0030.jpg 1 18 7 30 30
0810_0007_0023_0045_0045.jpg 1 7 23 45 45
0811_0025_0030_0062_0062.jpg 1 25 30 62 62
0812_0052_0041_0027_0027.jpg 1 52 41 27 27
0813_0043_0041_0039_0039.jpg 1 43 41 39 39
0814_0029_0058_0028_0028.jpg 1 29 58 28 28
0815_0050_0027_0040_0040.jpg 1 50 27 40 40
0816_0008_0026_0053_0053.jpg 1 8 26 53 53
0817_0022_0047_0033_0033.jpg 1 22 47 33 33
0818_0022_0009_0052_0052.jpg 1 22 9 52 52
0819_0026_0046_0041_0041.jpg 1 26 46 41 41
0820_0008_0009_0066_0066.jpg 1 8 9 66 66
0821_0008_0011_0062_0062.jpg 1 8 11 62 62
0822_0038_0021_0039_0039.jpg 1 38 21 39 39
0823_0023_0053_0035_0035.jpg 1 23 53 35 35
0824_0057_0030_0034_0034.jpg 1 57 30 34 34
0825_0019_0017_0068_0068.jpg 1 19 17 68 68
0826_0030_0054_0035_0035.jpg 1 30 54 35 35
0827_0007_0034_0054_0054.jpg 1 7 34 54 54
0828_0049_0031_0030_0030.jpg 1 49 31 30 30
0829_0024_0023_0063_0063.jpg 1 24 23 63 63
0830_0011_0009_0032_0032.jpg 1 11 9 32 32
0831_0043_0040_0046_0046.jpg 1 43 40 46 46
0832_0045_0018_0037_0037.jpg 1 45 18 37 37
0833_0050_0036_0030_0030.jpg 1 50 36 30 30
0834_0006_0037_0051_0051.jpg 1 6 37 51 51
0835_0026_0004_0068_0068.jpg 1 26 4 68 68
0836_0022_0017_0053_0053.jpg 1 22 17 53 53
0837_0012_0037_0027_0027.jpg 1 12 37 27 27
0838_0054_0026_0027_0027.jpg 1 54 26 27 27
0839_0042_0050_0029_0029.jpg 1 42 50 29 29
0840_0032_0036_0045_0045.jpg 1 32 36 45 45
0841_0012_0012_0068_0068.jpg 1 12 12 68 68
0842_0008_0021_0065_0065.jpg 1 8 21 65 65
0843_0034_0016_0047_0047.jpg 1 34 16 47 47
0844_0034_0017_0030_0030.jpg 1 34 17 30 30
0845_0016_0036_0054_0054.jpg 1 16 36 54 54
0846_0033_0029_0034_0034.jpg 1 33 29 34 34
0847_0022_0019_0036_0036.jpg 1 22 19 36 36
0848_0003_0017_0064_0064.jpg 1 3 17 64 64
0849_0016_0016_0029_0029.jpg 1 16 16 29 29
0850_0037_0010_0052_0052.jpg 1 37 10 52 52
0851_0026_0064_0028_0028.jpg 1 26 64 28 28
0852_0027_0014_0068_0068.jpg 1 27 14 68 68
0853_0018_0007_0068_0068.jpg 1 18 7 68 68
0854_0027_0032_0049_0049.jpg 1 27 32 49 49
0855_0026_0023_0048_0048.jpg 1 26 23 48 48
0856_0050_0023_0042_0042.jpg 1 50 23 42 42
0857_0019_0006_0035_0035.jpg 1 19 6 35 35
0858_0018_0005_0066_0066.jpg 1 18 5 66 66
0859_0058_0010_0026_0026.jpg 1 58 10 26 26
0860_0027_0046_0042_0042.jpg 1 27 46 42 42
0861_0049_0051_0027_0027.jpg 1 49 51 27 27
0862_0007_0029_0045_0045.jpg 1 7 29 45 45
0863_0018_0012_0033_0033.jpg 1 18 12 33 33
0864_0038_0028_0057_0057.jpg 1 38 28 57 57
0865_0029_0055_0033_0033.jpg 1 29 55 33 33
0866_0042_0030_0035_0035.jpg 1 42 30 35 35
0867_0016_0031_0045_0045.jpg 1 16 31 45 45
0868_0036_0011_0030_0030.jpg 1 36 11 30 30
0869_0044_0019_0025_0025.jpg 1 44 19 25 25
0870_0037_0057_0035_0035.jpg 1 37 57 35 35
0871_0046_0037_0045_0045.jpg 1 46 37 45 45
0872_0013_0021_0067_0067.jpg 1 13 21 67 67
0873_0011_0020_0063_0063.jpg 1 11 20 63 63
0874_0010_0034_0059_0059.jpg 1 10 34 59 59
0875_0030_0015_0060_0060.jpg 1 30 15 60 60
0876_0011_0024_0064_0064.jpg 1 11 24 64 64
0877_0036_0042_0034_0034.jpg 1 36 42 34 34
0878_0009_0023_0050_0050.jpg 1 9 23 50 50
0879_0006_0004_0059_0059.jpg 1 6 4 59 59
0880_0031_0048_0036_0036.jpg 1 31 48 36 36
0881_0031_0052_0028_0028.jpg 1 31 52 28 28
0882_0019_0018_0066_0066.jpg 1 19 18 66 66
0883_0029_0012_0038_0038.jpg 1 29 12 38 38
0884_0027_0004_0060_0060.jpg 1 27 4 60 60
0885_0011_0030_0051_0051.jpg 1 11 30 51 51
0886_0023_0023_0067_0067.jpg 1 23 23 67 67
0887_0039_0028_0027_0027.jpg 1 39 28 27 27
0888_0008_0010_0053_0053.jpg 1 8 10 53 53
0889_0035_0018_0026_0026.jpg 1 35 18 26 26
0890_0026_0025_0041_0041.jpg 1 26 25 41 41
0891_0022_0015_0038_0038.jpg 1 22 15 38 38
0892_0041_0019_0042_0042.jpg 1 41 19 42 42
0893_0041_0008_0045_0045.jpg 1 41 8 45 45
0894_0019_0028_0040_0040.jpg 1 19 28 40 40
0895_0025_0007_0066_0066.jpg 1 25 7 66 66
0896_0054_0052_0031_0031.jpg 1 54 52 31 31
0897_0030_0028_0040_0040.jpg 1 30 28 40 40
0898_0051_0045_0037_0037.jpg 1 51 45 37 37
0899_0051_0036_0038_0038.jpg 1 51 36 38 38
0900_0025_0009_0059_0059.jpg 1 25 9 59 59
0901_0034_0018_0034_0034.jpg 1 34 18 34 34
0902_0032_0024_0043_0043.jpg 1 32 24 43 43
0903_0008_0027_0045_0045.jpg 1 8 27 45 45
0904_0023_0041_0040_0040.jpg 1 23 41 40 40
0905_0037_0037_0033_0033.jpg 1 37 37 33 33
0906_0006_0005_0062_0062.jpg 1 6 5 62 62
0907_0038_0050_0041_0041.jpg 1 38 50 41 41
0908_0027_0028_0038_0038.jpg 1 27 28 38 38
0909_0018_0023_0068_0068.jpg 1 18 23 68 68
0910_0027_0010_0063_0063.jpg 1 27 10 63 63
0911_0009_0021_0031_0031.jpg 1 9 21 31 31
0912_0014_0044_0029_0029.jpg 1 14 44 29 29
0913_0034_0044_0041_0041.jpg 1 34 44 41 41
0914_0049_0026_0025_0025.jpg 1 49 26 25 25
0915_0024_0014_0062_0062.jpg 1 24 14 62 62
0916_0012_0011_0058_0058.jpg 1 12 11 58 58
0917_0012_0014_0040_0040.jpg 1 12 14 40 40
0918_0032_0030_0055_0055.jpg 1 32 30 55 55
0919_0034_0028_0028_0028.jpg 1 34 28 28 28
0920_0025_0016_0040_0040.jpg 1 25 16 40 40
0921_0039_0006_0031_0031.jpg 1 39 6 31 31
0922_0026_0010_0064_0064.jpg 1 26 10 64 64
0923_0005_0006_0055_0055.jpg 1 5 6 55 55
0924_0043_0023_0049_0049.jpg 1 43 23 49 49
0925_0016_0017_0068_0068.jpg 1 16 17 68 68
0926_0046_0041_0039_0039.jpg 1 46 41 39 39
0927_0033_0018_0050_0050.jpg 1 33 18 50 50
0928_0017_0027_0027_0027.jpg 1 17 27 27 27
0929_0033_0026_0060_0060.jpg 1 33 26 60 60
0930_0039_0037_0051_0051.jpg 1 39 37 51 51
0931_0038_0010_0041_0041.jpg 1 38 10 41 41
0932_0017_0033_0026_0026.jpg 1 17 33 26 26
0933_0055_0039_0031_0031.jpg 1 55 39 31 31
0934_0028_0011_0048_0048.jpg 1 28 11 48 48
0935_0062_0027_0026_0026.jpg 1 62 27 26 26
0936_0008_0011_0061_0061.jpg 1 8 11 61 61
0937_0014_0020_0066_0066.jpg 1 14 20 66 66
0938_0047_0034_0046_0046.jpg 1 47 34 46 46
0939_0027_0021_0061_0061.jpg 1 27 21 61 61
0940_0038_0033_0056_0056.jpg 1 38 33 56 56
0941_0028_0011_0062_0062.jpg 1 28 11 62 62
0942_0049_0011_0037_0037.jpg 1 49 11 37 37
0943_0047_0030_0036_0036.jpg 1 47 30 36 36
0944_0046_0029_0047_0047.jpg 1 46 29 47 47
0945_0030_0059_0031_0031.jpg 1 30 59 31 31
0946_0011_0013_0050_0050.jpg 1 11 13 50 50
0947_0041_0057_0036_0036.jpg 1 41 57 36 36
0948_0037_0053_0025_0025.jpg 1 37 53 25 25
0949_0020_0016_0049_0049.jpg 1 20 16 49 49
0950_0024_0042_0032_0032.jpg 1 24 42 32 32
0951_0034_0021_0057_0057.jpg 1 34 21 57 57
0952_0026_0040_0041_0041.jpg 1 26 40 41 41
0953_0016_0012_0056_0056.jpg 1 16 12 56 56
0954_0006_0016_0056_0056.jpg 1 6 16 56 56
0955_0010_0017_0039_0039.jpg 1 10 17 39 39
0956_0014_0030_0061_0061.jpg 1 14 30 61 61
0957_0034_0025_0043_0043.jpg 1 34 25 43 43
0958_0010_0006_0038_0038.jpg 1 10 6 38 38
0959_0024_0029_0057_0057.jpg 1 24 29 57 57
0960_0041_0047_0042_0042.jpg 1 41 47 42 42
0961_0015_0024_0062_0062.jpg 1 15 24 62 62
0962_0013_0018_0056_0056.jpg 1 13 18 56 56
0963_0045_0046_0026_0026.jpg 1 45 46 26 26
0964_0056_0056_0031_0031.jpg 1 56 56 31 31
0965_0035_0033_0058_0058.jpg 1 35 33 58 58
0966_0031_0023_0047_0047.jpg 1 31 23 47 47
0967_0016_0029_0051_0051.jpg 1 16 29 51 51
0968_0020_0020_0057_0057.jpg 1 20 20 57 57
0969_0020_0026_0065_0065.jpg 1 20 26 65 65
0970_0010_0014_0046_0046.jpg 1 10 14 46 46
0971_0034_0012_0031_0031.jpg 1 34 12 31 31
0972_0027_0007_0058_0058.jpg 1 27 7 58 58
0973_0010_0029_0044_0044.jpg 1 10 29 44 44
0974_0037_0048_0037_0037.jpg 1 37 48 37 37
0975_0060_0065_0025_0025.jpg 1 60 65 25 25
0976_0025_0034_0035_0035.jpg 1 25 34 35 35
0977_0006_0041_0046_0046.jpg 1 6 41 46 46
0978_0021_0035_0057_0057.jpg 1 21 35 57 57
0979_0015_0016_0067_0067.jpg 1 15 16 67 67
0980_0021_0052_0040_0040.jpg 1 21 52 40 40
0981_0018_0032_0040_0040.jpg 1 18 32 40 40
0982_0019_0019_0032_0032.jpg 1 19 19 32 32
0983_0011_0046_0040_0040.jpg 1 11 46 40 40
0984_0027_0017_0067_0067.jpg 1 27 17 67 67
0985_0030_0005_0049_0049.jpg 1 30 5 49 49
0986_0023_0039_0030_0030.jpg 1 23 39 30 30
0987_0008_0027_0059_0059.jpg 1 8 27 59 59
0988_0047_0035_0046_0046.jpg 1 47 35 46 46
0989_0022_0033_0063_0063.jpg 1 22 33 63 63
0990_0021_0005_0050_0050.jpg 1 21 5 50 50
0991_0012_0029_0046_0046.jpg 1 12 29 46 46
0992_0021_0046_0044_0044.jpg 1 21 46 44 44
0993_0020_0014_0064_0064.jpg 1 20 14 64 64
0994_0014_0011_0046_0046.jpg 1 14 11 46 46
0995_0026_0022_0036_0036.jpg 1 26 22 36 36
0996_0030_0021_0056_0056.jpg 1 30 21 56 56
0997_0009_0028_0053_0053.jpg 1 9 28 53 53
0998_0021_0057_0027_0027.jpg 1 21 57 27 27
0999_0009_0008_0065_0065.jpg 1 9 8 65 65
1000_0022_0009_0028_0028.jpg 1 22 9 28 28
1001_0033_0025_0040_0040.jpg 1 33 25 40 40
1002_0023_0032_0063_0063.jpg 1 23 32 63 63
1003_0033_0017_0061_0061.jpg 1 33 17 61 61
1004_0014_0007_0066_0066.jpg 1 14 7 66 66
1005_0020_0013_0059_0059.jpg 1 20 13 59 59
1006_0039_0037_0046_0046.jpg 1 39 37 46 46
1007_0006_0009_0069_0069.jpg 1 6 9 69 69
1008_0010_0019_0066_0066.jpg 1 10 19 66 66
1009_0021_0007_0056_0056.jpg 1 21 7 56 56
1010_0011_0035_0040_0040.jpg 1 11 35 40 40
1011_0020_0029_0042_0042.jpg 1 20 29 42 42
1012_0033_0052_0039_0039.jpg 1 33 52 39 39
1013_0008_0041_0053_0053.jpg 1 8 41 53 53
1014_0031_0048_0037_0037.jpg 1 31 48 37 37
1015_0017_0029_0056_0056.jpg 1 17 29 56 56
1016_0035_0044_0037_0037.jpg 1 35 44 37 37
1017_0031_0030_0049_0049.jpg 1 31 30 49 49
1018_0028_0044_0029_0029.jpg 1 28 44 29 29
1019_0036_0019_0039_0039.jpg 1 36 19 39 39
1020_0016_0007_0064_0064.jpg 1 16 7 64 64
1021_0028_0018_0054_0054.jpg 1 28 18 54 54
1022_0010_0011_0061_0061.jpg 1 10 11 61 61
1023_0003_0008_0066_0066.jpg 1 3 8 66 66
1024_0029_0013_0064_0064.jpg 1 29 13 64 64
1025_0025_0013_0066_0066.jpg 1 25 13 66 66
1026_0036_0018_0027_0027.jpg 1 36 18 27 27
1027_0018_0023_0052_0052.jpg 1 18 23 52 52
1028_0013_0020_0068_0068.jpg 1 13 20 68 68
1029_0005_0037_0051_0051.jpg 1 5 37 51 51
1030_0007_0017_0043_0043.jpg 1 7 17 43 43
1031_0042_0015_0024_0024.jpg 1 42 15 24 24
1032_0046_0018_0028_0028.jpg 1 46 18 28 28
1033_0028_0009_0038_0038.jpg 1 28 9 38 38
1034_0023_0035_0060_0060.jpg 1 23 35 60 60
1035_0030_0037_0033_0033.jpg 1 30 37 33 33
1036_0009_0028_0037_0037.jpg 1 9 28 37 37
1037_0018_0024_0029_0029.jpg 1 18 24 29 29
1038_0008_0010_0045_0045.jpg 1 8 10 45 45
1039_0019_0029_0054_0054.jpg 1 19 29 54 54
1040_0043_0036_0052_0052.jpg 1 43 36 52 52
1041_0032_0034_0049_0049.jpg 1 32 34 49 49
1042_0005_0013_0059_0059.jpg 1 5 13 59 59
1043_0056_0034_0028_0028.jpg 1 56 34 28 28
1044_0018_0020_0064_0064.jpg 1 18 20 64 64
1045_0034_0041_0043_0043.jpg 1 34 41 43 43
1046_0032_0020_0059_0059.jpg 1 32 20 59 59
1047_0028_0042_0031_0031.jpg 1 28 42 31 31
1048_0044_0036_0024_0024.jpg 1 44 36 24 24
1049_0026_0021_0024_0024.jpg 1 26 21 24 24
1050_0040_0012_0052_0052.jpg 1 40 12 52 52
1051_0023_0022_0032_0032.jpg 1 23 22 32 32
1052_0009_0023_0056_0056.jpg 1 9 23 56 56
1053_0026_0028_0067_0067.jpg 1 26 28 67 67
1054_0044_0043_0025_0025.jpg 1 44 43 25 25
1055_0004_0013_0066_0066.jpg 1 4 13 66 66
1056_0030_0026_0026_0026.jpg 1 30 26 26 26
1057_0040_0015_0046_0046.jpg 1 40 15 46 46
1058_0059_0045_0026_0026.jpg 1 59 45 26 26
1059_0043_0038_0042_0042.jpg 1 43 38 42 42
1060_0010_0041_0052_0052.jpg 1 10 41 52 52
1061_0038_0043_0040_0040.jpg 1 38 43 40 40
1062_0034_0015_0033_0033.jpg 1 34 15 33 33
1063_0004_0013_0054_0054.jpg 1 4 13 54 54
1064_0024_0025_0047_0047.jpg 1 24 25 47 47
1065_0004_0020_0069_0069.jpg 1 4 20 69 69
1066_0029_0051_0040_0040.jpg 1 29 51 40 40
1067_0009_0019_0050_0050.jpg 1 9 19 50 50
1068_0055_0026_0034_0034.jpg 1 55 26 34 34
1069_0052_0009_0030_0030.jpg 1 52 9 30 30
1070_0020_0007_0053_0053.jpg 1 20 7 53 53
1071_0056_0022_0029_0029.jpg 1 56 22 29 29
1072_0041_0013_0045_0045.jpg 1 41 13 45 45
1073_0018_0044_0044_0044.jpg 1 18 44 44 44
1074_0048_0019_0025_0025.jpg 1 48 19 25 25
1075_0016_0047_0044_0044.jpg 1 16 47 44 44
1076_0024_0030_0027_0027.jpg 1 24 30 27 27
1077_0013_0013_0049_0049.jpg 1 13 13 49 49
1078_0016_0054_0029_0029.jpg 1 16 54 29 29
1079_0041_0024_0036_0036.jpg 1 41 24 36 36
1080_0025_0042_0051_0051.jpg 1 25 42 51 51
1081_0027_0033_0047_0047.jpg 1 27 33 47 47
1082_0066_0050_0025_0025.jpg 1 66 50 25 25
1083_0017_0012_0057_0057.jpg 1 17 12 57 57
1084_0014_0030_0056_0056.jpg 1 14 30 56 56
1085_0018_0022_0062_0062.jpg 1 18 22 62 62
1086_0058_0040_0031_0031.jpg 1 58 40 31 31
1087_0005_0026_0059_0059.jpg 1 5 26 59 59
1088_0026_0012_0054_0054.jpg 1 26 12 54 54
1089_0036_0007_0055_0055.jpg 1 36 7 55 55
1090_0026_0034_0052_0052.jpg 1 26 34 52 52
1091_0011_0014_0059_0059.jpg 1 11 14 59 59
1092_0017_0024_0043_0043.jpg 1 17 24 43 43
1093_0007_0031_0063_0063.jpg 1 7 31 63 63
1094_0047_0008_0041_0041.jpg 1 47 8 41 41
1095_0014_0023_0067_0067.jpg 1 14 23 67 67
1096_0030_0038_0054_0054.jpg 1 30 38 54 54
1097_0029_0022_0056_0056.jpg 1 29 22 56 56
1098_0055_0047_0037_0037.jpg 1 55 47 37 37
1099_0016_0047_0039_0039.jpg 1 16 47 39 39
1100_0043_0028_0040_0040.jpg 1 43 28 40 40
1101_0050_0047_0034_0034.jpg 1 50 47 34 34
1102_0057_0031_0028_0028.jpg 1 57 31 28 28
1103_0012_0015_0069_0069.jpg 1 12 15 69 69
1104_0020_0007_0055_0055.jpg 1 20 7 55 55
1105_0016_0006_0058_0058.jpg 1 16 6 58 58
1106_0011_0017_0060_0060.jpg 1 11 17 60 60
1107_0032_0028_0054_0054.jpg 1 32 28 54 54
1108_0058_0063_0025_0025.jpg 1 58 63 25 25
1109_0040_0007_0046_0046.jpg 1 40 7 46 46
1110_0012_0044_0050_0050.jpg 1 12 44 50 50
1111_0026_0014_0047_0047.jpg 1 26 14 47 47
1112_0008_0005_0069_0069.jpg 1 8 5 69 69
1113_0024_0020_0061_0061.jpg 1 24 20 61 61
1114_0026_0023_0065_0065.jpg 1 26 23 65 65
1115_0027_0012_0053_0053.jpg 1 27 12 53 53
1116_0027_0043_0026_0026.jpg 1 27 43 26 26
1117_0044_0030_0028_0028.jpg 1 44 30 28 28
1118_0008_0045_0034_0034.jpg 1 8 45 34 34
1119_0052_0052_0035_0035.jpg 1 52 52 35 35
1120_0035_0006_0053_0053.jpg 1 35 6 53 53
1121_0025_0021_0063_0063.jpg 1 25 21 63 63
1122_0030_0042_0046_0046.jpg 1 30 42 46 46
1123_0028_0012_0052_0052.jpg 1 28 12 52 52
1124_0013_0007_0066_0066.jpg 1 13 7 66 66
1125_0022_0018_0027_0027.jpg 1 22 18 27 27
1126_0017_0035_0028_0028.jpg 1 17 35 28 28
1127_0031_0005_0059_0059.jpg 1 31 5 59 59
1128_0022_0027_0053_0053.jpg 1 22 27 53 53
1129_0022_0018_0064_0064.jpg 1 22 18 64 64
1130_0037_0037_0039_0039.jpg 1 37 37 39 39
1131_0031_0034_0038_0038.jpg 1 31 34 38 38
1132_0014_0016_0059_0059.jpg 1 14 16 59 59
1133_0018_0005_0067_0067.jpg 1 18 5 67 67
1134_0024_0015_0060_0060.jpg 1 24 15 60 60
1135_0031_0040_0045_0045.jpg 1 31 40 45 45
1136_0034_0022_0061_0061.jpg 1 34 22 61 61
1137_0009_0029_0064_0064.jpg 1 9 29 64 64
1138_0036_0014_0049_0049.jpg 1 36 14 49 49
1139_0020_0017_0048_0048.jpg 1 20 17 48 48
1140_0048_0041_0026_0026.jpg 1 48 41 26 26
1141_0019_0006_0066_0066.jpg 1 19 6 66 66
1142_0020_0044_0043_0043.jpg 1 20 44 43 43
1143_0029_0008_0055_0055.jpg 1 29 8 55 55
1144_0021_0052_0030_0030.jpg 1 21 52 30 30
1145_0003_0014_0066_0066.jpg 1 3 14 66 66
1146_0006_0010_0053_0053.jpg 1 6 10 53 53
1147_0051_0061_0031_0031.jpg 1 51 61 31 31
1148_0029_0009_0057_0057.jpg 1 29 9 57 57
1149_0049_0051_0040_0040.jpg 1 49 51 40 40
1150_0039_0045_0030_0030.jpg 1 39 45 30 30
1151_0007_0042_0051_0051.jpg 1 7 42 51 51
1152_0028_0007_0063_0063.jpg 1 28 7 63 63
1153_0042_0048_0038_0038.jpg 1 42 48 38 38
1154_0044_0030_0029_0029.jpg 1 44 30 29 29
1155_0027_0015_0058_0058.jpg 1 27 15 58 58
1156_0017_0026_0055_0055.jpg 1 17 26 55 55
1157_0020_0008_0050_0050.jpg 1 20 8 50 50
1158_0052_0019_0028_0028.jpg 1 52 19 28 28
1159_0011_0022_0064_0064.jpg 1 11 22 64 64
1160_0006_0006_0044_0044.jpg 1 6 6 44 44
1161_0007_0005_0063_0063.jpg 1 7 5 63 63
1162_0020_0025_0069_0069.jpg 1 20 25 69 69
1163_0023_0026_0069_0069.jpg 1 23 26 69 69
1164_0041_0038_0038_0038.jpg 1 41 38 38 38
1165_0037_0020_0047_0047.jpg 1 37 20 47 47
1166_0036_0041_0049_0049.jpg 1 36 41 49 49
1167_0044_0007_0042_0042.jpg 1 44 7 42 42
1168_0006_0040_0045_0045.jpg 1 6 40 45 45
1169_0019_0020_0062_0062.jpg 1 19 20 62 62
1170_0015_0006_0067_0067.jpg 1 15 6 67 67
1171_0007_0022_0034_0034.jpg 1 7 22 34 34
1172_0007_0037_0046_0046.jpg 1 7 37 46 46
1173_0041_0041_0044_0044.jpg 1 41 41 44 44
1174_0031_0035_0053_0053.jpg 1 31 35 53 53
1175_0033_0034_0057_0057.jpg 1 33 34 57 57
1176_0029_0011_0028_0028.jpg 1 29 11 28 28
1177_0042_0058_0032_0032.jpg 1 42 58 32 32
1178_0008_0029_0059_0059.jpg 1 8 29 59 59
1179_0032_0031_0056_0056.jpg 1 32 31 56 56
1180_0040_0026_0043_0043.jpg 1 40 26 43 43
1181_0013_0027_0050_0050.jpg 1 13 27 50 50
1182_0025_0042_0051_0051.jpg 1 25 42 51 51
1183_0020_0039_0052_0052.jpg 1 20 39 52 52
1184_0027_0030_0062_0062.jpg 1 27 30 62 62
1185_0023_0025_0062_0062.jpg 1 23 25 62 62
1186_0026_0012_0066_0066.jpg 1 26 12 66 66
1187_0037_0048_0039_0039.jpg 1 37 48 39 39
1188_0013_0025_0030_0030.jpg 1 13 25 30 30
1189_0022_0029_0065_0065.jpg 1 22 29 65 65
1190_0022_0048_0027_0027.jpg 1 22 48 27 27
1191_0039_0011_0041_0041.jpg 1 39 11 41 41
1192_0014_0024_0052_0052.jpg 1 14 24 52 52
1193_0016_0014_0045_0045.jpg 1 16 14 45 45
1194_0040_0016_0050_0050.jpg 1 40 16 50 50
1195_0020_0011_0058_0058.jpg 1 20 11 58 58
1196_0018_0025_0032_0032.jpg 1 18 25 32 32
1197_0010_0005_0053_0053.jpg 1 10 5 53 53
1198_0015_0031_0064_0064.jpg 1 15 31 64 64
1199_0025_0034_0055_0055.jpg 1 25 34 55 55
1200_0009_0036_0049_0049.jpg 1 9 36 49 49
1201_0034_0034_0049_0049.jpg 1 34 34 49 49
1202_0030_0009_0058_0058.jpg 1 30 9 58 58
1203_0032_0015_0041_0041.jpg 1 32 15 41 41
1204_0042_0013_0050_0050.jpg 1 42 13 50 50
1205_0028_0007_0044_0044.jpg 1 28 7 44 44
1206_0025_0021_0050_0050.jpg 1 25 21 50 50
1207_0013_0008_0038_0038.jpg 1 13 8 38 38
1208_0035_0012_0049_0049.jpg 1 35 12 49 49
1209_0035_0045_0026_0026.jpg 1 35 45 26 26
1210_0039_0020_0042_0042.jpg 1 39 20 42 42
1211_0045_0035_0030_0030.jpg 1 45 35 30 30
1212_0039_0023_0042_0042.jpg 1 39 23 42 42
1213_0010_0026_0044_0044.jpg 1 10 26 44 44
1214_0024_0055_0030_0030.jpg 1 24 55 30 30
1215_0045_0016_0044_0044.jpg 1 45 16 44 44
1216_0052_0053_0034_0034.jpg 1 52 53 34 34
1217_0012_0008_0060_0060.jpg 1 12 8 60 60
1218_0043_0008_0034_0034.jpg 1 43 8 34 34
1219_0018_0027_0049_0049.jpg 1 18 27 49 49
1220_0046_0023_0031_0031.jpg 1 46 23 31 31
1221_0025_0045_0027_0027.jpg 1 25 45 27 27
1222_0040_0049_0024_0024.jpg 1 40 49 24 24
1223_0058_0040_0033_0033.jpg 1 58 40 33 33
1224_0009_0034_0061_0061.jpg 1 9 34 61 61
1225_0048_0052_0030_0030.jpg 1 48 52 30 30
1226_0018_0027_0064_0064.jpg 1 18 27 64 64
1227_0043_0057_0024_0024.jpg 1 43 57 24 24
1228_0051_0056_0030_0030.jpg 1 51 56 30 30
1229_0032_0029_0037_0037.jpg 1 32 29 37 37
1230_0036_0037_0041_0041.jpg 1 36 37 41 41
1231_0029_0008_0050_0050.jpg 1 29 8 50 50
1232_0054_0052_0035_0035.jpg 1 54 52 35 35
1233_0028_0039_0047_0047.jpg 1 28 39 47 47
1234_0050_0042_0038_0038.jpg 1 50 42 38 38
1235_0048_0048_0028_0028.jpg 1 48 48 28 28
1236_0035_0068_0024_0024.jpg 1 35 68 24 24
1237_0006_0025_0067_0067.jpg 1 6 25 67 67
1238_0019_0034_0061_0061.jpg 1 19 34 61 61
1239_0029_0021_0066_0066.jpg 1 29 21 66 66
1240_0015_0017_0053_0053.jpg 1 15 17 53 53
1241_0030_0023_0026_0026.jpg 1 30 23 26 26
1242_0048_0026_0033_0033.jpg 1 48 26 33 33
1243_0021_0018_0054_0054.jpg 1 21 18 54 54
1244_0004_0003_0061_0061.jpg 1 4 3 61 61
1245_0035_0011_0046_0046.jpg 1 35 11 46 46
1246_0013_0032_0063_0063.jpg 1 13 32 63 63
1247_0036_0028_0047_0047.jpg 1 36 28 47 47
1248_0026_0040_0031_0031.jpg 1 26 40 31 31
1249_0036_0023_0051_0051.jpg 1 36 23 51 51
1250_0039_0041_0035_0035.jpg 1 39 41 35 35
1251_0008_0023_0057_0057.jpg 1 8 23 57 57
1252_0018_0042_0043_0043.jpg 1 18 42 43 43
1253_0009_0018_0037_0037.jpg 1 9 18 37 37
1254_0021_0046_0043_0043.jpg 1 21 46 43 43
1255_0025_0021_0067_0067.jpg 1 25 21 67 67
1256_0051_0015_0041_0041.jpg 1 51 15 41 41
1257_0013_0033_0052_0052.jpg 1 13 33 52 52
1258_0009_0014_0027_0027.jpg 1 9 14 27 27
1259_0019_0037_0025_0025.jpg 1 19 37 25 25
1260_0012_0009_0060_0060.jpg 1 12 9 60 60
1261_0019_0016_0067_0067.jpg 1 19 16 67 67
1262_0035_0023_0059_0059.jpg 1 35 23 59 59
1263_0037_0010_0048_0048.jpg 1 37 10 48 48
1264_0023_0059_0034_0034.jpg 1 23 59 34 34
1265_0018_0039_0055_0055.jpg 1 18 39 55 55
1266_0037_0035_0058_0058.jpg 1 37 35 58 58
1267_0011_0042_0033_0033.jpg 1 11 42 33 33
1268_0014_0024_0062_0062.jpg 1 14 24 62 62
1269_0020_0035_0050_0050.jpg 1 20 35 50 50
1270_0022_0008_0068_0068.jpg 1 22 8 68 68
1271_0015_0032_0040_0040.jpg 1 15 32 40 40
1272_0005_0022_0053_0053.jpg 1 5 22 53 53
1273_0012_0032_0063_0063.jpg 1 12 32 63 63
1274_0029_0018_0048_0048.jpg 1 29 18 48 48
1275_0037_0032_0038_0038.jpg 1 37 32 38 38
1276_0052_0026_0031_0031.jpg 1 52 26 31 31
1277_0011_0006_0059_0059.jpg 1 11 6 59 59
1278_0005_0031_0063_0063.jpg 1 5 31 63 63
1279_0039_0013_0032_0032.jpg 1 39 13 32 32
1280_0028_0044_0029_0029.jpg 1 28 44 29 29
1281_0026_0017_0029_0029.jpg 1 26 17 29 29
1282_0038_0040_0048_0048.jpg 1 38 40 48 48
1283_0031_0043_0033_0033.jpg 1 31 43 33 33
1284_0008_0006_0058_0058.jpg 1 8 6 58 58
1285_0058_0058_0032_0032.jpg 1 58 58 32 32
1286_0019_0027_0043_0043.jpg 1 19 27 43 43
1287_0040_0017_0042_0042.jpg 1 40 17 42 42
1288_0034_0039_0026_0026.jpg 1 34 39 26 26
1289_0053_0034_0033_0033.jpg 1 53 34 33 33
1290_0008_0028_0066_0066.jpg 1 8 28 66 66
1291_0022_0022_0048_0048.jpg 1 22 22 48 48
1292_0022_0011_0062_0062.jpg 1 22 11 62 62
1293_0012_0021_0042_0042.jpg 1 12 21 42 42
1294_0039_0041_0041_0041.jpg 1 39 41 41 41
1295_0051_0011_0035_0035.jpg 1 51 11 35 35
1296_0004_0006_0064_0064.jpg 1 4 6 64 64
1297_0057_0029_0034_0034.jpg 1 57 29 34 34
1298_0021_0011_0028_0028.jpg 1 21 11 28 28
1299_0024_0025_0069_0069.jpg 1 24 25 69 69
1300_0038_0021_0045_0045.jpg 1 38 21 45 45
1301_0047_0019_0044_0044.jpg 1 47 19 44 44
1302_0013_0008_0052_0052.jpg 1 13 8 52 52
1303_0020_0007_0034_0034.jpg 1 20 7 34 34
1304_0024_0045_0031_0031.jpg 1 24 45 31 31
1305_0028_0024_0058_0058.jpg 1 28 24 58 58
1306_0043_0045_0047_0047.jpg 1 43 45 47 47
1307_0028_0019_0053_0053.jpg 1 28 19 53 53
1308_0031_0031_0060_0060.jpg 1 31 31 60 60
1309_0057_0031_0031_0031.jpg 1 57 31 31 31
1310_0009_0012_0062_0062.jpg 1 9 12 62 62
1311_0026_0028_0042_0042.jpg 1 26 28 42 42
1312_0008_0029_0062_0062.jpg 1 8 29 62 62
1313_0015_0023_0060_0060.jpg 1 15 23 60 60
1314_0011_0007_0056_0056.jpg 1 11 7 56 56
1315_0061_0020_0029_0029.jpg 1 61 20 29 29
1316_0040_0052_0034_0034.jpg 1 40 52 34 34
1317_0052_0008_0042_0042.jpg 1 52 8 42 42
1318_0032_0036_0054_0054.jpg 1 32 36 54 54
1319_0055_0039_0026_0026.jpg 1 55 39 26 26
1320_0031_0022_0065_0065.jpg 1 31 22 65 65
1321_0012_0019_0042_0042.jpg 1 12 19 42 42
1322_0058_0012_0032_0032.jpg 1 58 12 32 32
1323_0008_0004_0055_0055.jpg 1 8 4 55 55
1324_0019_0013_0052_0052.jpg 1 19 13 52 52
1325_0028_0021_0058_0058.jpg 1 28 21 58 58
1326_0031_0022_0054_0054.jpg 1 31 22 54 54
1327_0040_0042_0042_0042.jpg 1 40 42 42 42
1328_0013_0019_0061_0061.jpg 1 13 19 61 61
1329_0036_0031_0055_0055.jpg 1 36 31 55 55
1330_0015_0011_0037_0037.jpg 1 15 11 37 37
1331_0015_0010_0065_0065.jpg 1 15 10 65 65
1332_0032_0011_0045_0045.jpg 1 32 11 45 45
1333_0025_0034_0054_0054.jpg 1 25 34 54 54
1334_0017_0024_0069_0069.jpg 1 17 24 69 69
1335_0017_0066_0024_0024.jpg 1 17 66 24 24
1336_0018_0018_0062_0062.jpg 1 18 18 62 62
1337_0005_0013_0066_0066.jpg 1 5 13 66 66
1338_0024_0013_0066_0066.jpg 1 24 13 66 66
1339_0005_0035_0056_0056.jpg 1 5 35 56 56
1340_0018_0016_0035_0035.jpg 1 18 16 35 35
1341_0016_0013_0054_0054.jpg 1 16 13 54 54
1342_0052_0029_0029_0029.jpg 1 52 29 29 29
1343_0016_0051_0041_0041.jpg 1 16 51 41 41
1344_0044_0044_0030_0030.jpg 1 44 44 30 30
1345_0037_0029_0050_0050.jpg 1 37 29 50 50
1346_0040_0028_0033_0033.jpg 1 40 28 33 33
1347_0016_0033_0061_0061.jpg 1 16 33 61 61
1348_0006_0030_0055_0055.jpg 1 6 30 55 55
1349_0024_0044_0041_0041.jpg 1 24 44 41 41
1350_0022_0012_0041_0041.jpg 1 22 12 41 41
1351_0016_0008_0069_0069.jpg 1 16 8 69 69
1352_0032_0018_0052_0052.jpg 1 32 18 52 52
1353_0016_0012_0069_0069.jpg 1 16 12 69 69
1354_0008_0038_0032_0032.jpg 1 8 38 32 32
1355_0046_0015_0028_0028.jpg 1 46 15 28 28
1356_0020_0021_0059_0059.jpg 1 20 21 59 59
1357_0021_0054_0031_0031.jpg 1 21 54 31 31
1358_0017_0015_0047_0047.jpg 1 17 15 47 47
1359_0038_0034_0047_0047.jpg 1 38 34 47 47
1360_0023_0017_0056_0056.jpg 1 23 17 56 56
1361_0034_0018_0061_0061.jpg 1 34 18 61 61
1362_0019_0042_0028_0028.jpg 1 19 42 28 28
1363_0047_0017_0026_0026.jpg 1 47 17 26 26
1364_0050_0054_0037_0037.jpg 1 50 54 37 37
1365_0046_0052_0037_0037.jpg 1 46 52 37 37
1366_0018_0018_0064_0064.jpg 1 18 18 64 64
1367_0013_0028_0058_0058.jpg 1 13 28 58 58
1368_0022_0005_0062_0062.jpg 1 22 5 62 62
1369_0031_0037_0037_0037.jpg 1 31 37 37 37
1370_0062_0023_0024_0024.jpg 1 62 23 24 24
1371_0025_0032_0060_0060.jpg 1 25 32 60 60
1372_0042_0055_0029_0029.jpg 1 42 55 29 29
1373_0042_0010_0046_0046.jpg 1 42 10 46 46
1374_0024_0040_0044_0044.jpg 1 24 40 44 44
1375_0023_0055_0031_0031.jpg 1 23 55 31 31
1376_0034_0029_0053_0053.jpg 1 34 29 53 53
1377_0015_0029_0030_0030.jpg 1 15 29 30 30
1378_0041_0041_0049_0049.jpg 1 41 41 49 49
1379_0035_0040_0039_0039.jpg 1 35 40 39 39
1380_0044_0033_0050_0050.jpg 1 44 33 50 50
1381_0053_0034_0027_0027.jpg 1 53 34 27 27
1382_0050_0037_0042_0042.jpg 1 50 37 42 42
1383_0027_0011_0067_0067.jpg 1 27 11 67 67
1384_0010_0015_0066_0066.jpg 1 10 15 66 66
1385_0031_0023_0045_0045.jpg 1 31 23 45 45
1386_0043_0041_0044_0044.jpg 1 43 41 44 44
1387_0033_0043_0049_0049.jpg 1 33 43 49 49
1388_0018_0027_0058_0058.jpg 1 18 27 58 58
1389_0044_0025_0050_0050.jpg 1 44 25 50 50
1390_0033_0036_0039_0039.jpg 1 33 36 39 39
1391_0031_0031_0055_0055.jpg 1 31 31 55 55
1392_0028_0028_0047_0047.jpg 1 28 28 47 47
1393_0011_0016_0050_0050.jpg 1 11 16 50 50
1394_0026_0034_0027_0027.jpg 1 26 34 27 27
1395_0046_0046_0035_0035.jpg 1 46 46 35 35
1396_0029_0016_0065_0065.jpg 1 29 16 65 65
1397_0030_0025_0051_0051.jpg 1 30 25 51 51
1398_0041_0042_0030_0030.jpg 1 41 42 30 30
1399_0008_0055_0031_0031.jpg 1 8 55 31 31
1400_0037_0022_0048_0048.jpg 1 37 22 48 48
1401_0039_0066_0024_0024.jpg 1 39 66 24 24
1402_0016_0028_0047_0047.jpg 1 16 28 47 47
1403_0027_0040_0041_0041.jpg 1 27 40 41 41
1404_0004_0006_0068_0068.jpg 1 4 6 68 68
1405_0056_0053_0024_0024.jpg 1 56 53 24 24
1406_0034_0044_0032_0032.jpg 1 34 44 32 32
1407_0059_0047_0031_0031.jpg 1 59 47 31 31
1408_0010_0037_0047_0047.jpg 1 10 37 47 47
1409_0024_0021_0066_0066.jpg 1 24 21 66 66
1410_0045_0013_0043_0043.jpg 1 45 13 43 43
1411_0005_0022_0065_0065.jpg 1 5 22 65 65
1412_0024_0027_0059_0059.jpg 1 24 27 59 59
1413_0038_0044_0024_0024.jpg 1 38 44 24 24
1414_0025_0012_0066_0066.jpg 1 25 12 66 66
1415_0005_0021_0051_0051.jpg 1 5 21 51 51
1416_0017_0022_0066_0066.jpg 1 17 22 66 66
1417_0032_0008_0051_0051.jpg 1 32 8 51 51
1418_0007_0012_0067_0067.jpg 1 7 12 67 67
1419_0005_0006_0048_0048.jpg 1 5 6 48 48
1420_0026_0020_0063_0063.jpg 1 26 20 63 63
1421_0034_0018_0032_0032.jpg 1 34 18 32 32
1422_0018_0018_0062_0062.jpg 1 18 18 62 62
1423_0032_0057_0025_0025.jpg 1 32 57 25 25
1424_0015_0014_0036_0036.jpg 1 15 14 36 36
1425_0047_0035_0043_0043.jpg 1 47 35 43 43
1426_0007_0034_0034_0034.jpg 1 7 34 34 34
1427_0024_0024_0069_0069.jpg 1 24 24 69 69
1428_0017_0011_0048_0048.jpg 1 17 11 48 48
1429_0019_0039_0043_0043.jpg 1 19 39 43 43
1430_0034_0025_0058_0058.jpg 1 34 25 58 58
1431_0042_0010_0047_0047.jpg 1 42 10 47 47
1432_0005_0023_0050_0050.jpg 1 5 23 50 50
1433_0008_0006_0068_0068.jpg 1 8 6 68 68
1434_0004_0004_0065_0065.jpg 1 4 4 65 65
1435_0020_0011_0055_0055.jpg 1 20 11 55 55
1436_0028_0030_0063_0063.jpg 1 28 30 63 63
1437_0042_0020_0045_0045.jpg 1 42 20 45 45
1438_0028_0013_0041_0041.jpg 1 28 13 41 41
1439_0005_0039_0048_0048.jpg 1 5 39 48 48
1440_0019_0047_0033_0033.jpg 1 19 47 33 33
1441_0019_0016_0065_0065.jpg 1 19 16 65 65
1442_0006_0007_0063_0063.jpg 1 6 7 63 63
1443_0009_0036_0044_0044.jpg 1 9 36 44 44
1444_0038_0015_0057_0057.jpg 1 38 15 57 57
1445_0029_0029_0043_0043.jpg 1 29 29 43 43
1446_0013_0054_0038_0038.jpg 1 13 54 38 38
1447_0007_0045_0040_0040.jpg 1 7 45 40 40
1448_0054_0008_0029_0029.jpg 1 54 8 29 29
1449_0048_0012_0042_0042.jpg 1 48 12 42 42
1450_0036_0026_0059_0059.jpg 1 36 26 59 59
1451_0023_0011_0029_0029.jpg 1 23 11 29 29
1452_0016_0020_0034_0034.jpg 1 16 20 34 34
1453_0051_0022_0026_0026.jpg 1 51 22 26 26
1454_0040_0027_0049_0049.jpg 1 40 27 49 49
1455_0031_0021_0054_0054.jpg 1 31 21 54 54
1456_0032_0017_0053_0053.jpg 1 32 17 53 53
1457_0028_0057_0034_0034.jpg 1 28 57 34 34
1458_0009_0027_0039_0039.jpg 1 9 27 39 39
1459_0052_0015_0037_0037.jpg 1 52 15 37 37
1460_0014_0009_0040_0040.jpg 1 14 9 40 40
1461_0021_0018_0028_0028.jpg 1 21 18 28 28
1462_0041_0044_0045_0045.jpg 1 41 44 45 45
1463_0009_0012_0050_0050.jpg 1 9 12 50 50
1464_0053_0031_0037_0037.jpg 1 53 31 37 37
1465_0030_0031_0060_0060.jpg 1 30 31 60 60
1466_0013_0029_0061_0061.jpg 1 13 29 61 61
1467_0021_0014_0043_0043.jpg 1 21 14 43 43
1468_0015_0013_0065_0065.jpg 1 15 13 65 65
1469_0042_0063_0024_0024.jpg 1 42 63 24 24
1470_0008_0004_0068_0068.jpg 1 8 4 68 68
1471_0009_0017_0065_0065.jpg 1 9 17 65 65
1472_0039_0028_0054_0054.jpg 1 39 28 54 54
1473_0009_0022_0067_0067.jpg 1 9 22 67 67
1474_0027_0014_0067_0067.jpg 1 27 14 67 67
1475_0008_0015_0061_0061.jpg 1 8 15 61 61
1476_0009_0012_0069_0069.jpg 1 9 12 69 69
1477_0034_0019_0033_0033.jpg 1 34 19 33 33
1478_0029_0037_0053_0053.jpg 1 29 37 53 53
1479_0009_0038_0037_0037.jpg 1 9 38 37 37
1480_0038_0032_0052_0052.jpg 1 38 32 52 52
1481_0024_0023_0032_0032.jpg 1 24 23 32 32
1482_0035_0030_0059_0059.jpg 1 35 30 59 59
1483_0010_0064_0027_0027.jpg 1 10 64 27 27
1484_0034_0032_0047_0047.jpg 1 34 32 47 47
1485_0029_0015_0067_0067.jpg 1 29 15 67 67
1486_0061_0047_0028_0028.jpg 1 61 47 28 28
1487_0016_0022_0032_0032.jpg 1 16 22 32 32
1488_0044_0014_0051_0051.jpg 1 44 14 51 51
1489_0016_0007_0065_0065.jpg 1 16 7 65 65
1490_0030_0009_0052_0052.jpg 1 30 9 52 52
1491_0009_0013_0058_0058.jpg 1 9 13 58 58
1492_0005_0013_0069_0069.jpg 1 5 13 69 69
1493_0019_0017_0044_0044.jpg 1 19 17 44 44
1494_0029_0031_0056_0056.jpg 1 29 31 56 56
1495_0015_0052_0032_0032.jpg 1 15 52 32 32
1496_0007_0048_0031_0031.jpg 1 7 48 31 31
1497_0043_0044_0050_0050.jpg 1 43 44 50 50
1498_0011_0021_0065_0065.jpg 1 11 21 65 65
1499_0033_0030_0028_0028.jpg 1 33 30 28 28
1500_0018_0021_0064_0064.jpg 1 18 21 64 64
1501_0039_0038_0033_0033.jpg 1 39 38 33 33
1502_0030_0005_0052_0052.jpg 1 30 5 52 52
1503_0037_0036_0056_0056.jpg 1 37 36 56 56
1504_0034_0041_0054_0054.jpg 1 34 41 54 54
1505_0038_0028_0053_0053.jpg 1 38 28 53 53
1506_0053_0025_0030_0030.jpg 1 53 25 30 30
1507_0038_0019_0034_0034.jpg 1 38 19 34 34
1508_0050_0007_0034_0034.jpg 1 50 7 34 34
1509_0023_0031_0052_0052.jpg 1 23 31 52 52
1510_0018_0010_0052_0052.jpg 1 18 10 52 52
1511_0028_0016_0034_0034.jpg 1 28 16 34 34
1512_0039_0008_0027_0027.jpg 1 39 8 27 27
1513_0014_0024_0047_0047.jpg 1 14 24 47 47
1514_0011_0047_0033_0033.jpg 1 11 47 33 33
1515_0014_0034_0038_0038.jpg 1 14 34 38 38
1516_0032_0037_0034_0034.jpg 1 32 37 34 34
1517_0004_0034_0056_0056.jpg 1 4 34 56 56
1518_0038_0035_0032_0032.jpg 1 38 35 32 32
1519_0045_0008_0038_0038.jpg 1 45 8 38 38
1520_0009_0024_0067_0067.jpg 1 9 24 67 67
1521_0033_0040_0024_0024.jpg 1 33 40 24 24
1522_0038_0009_0042_0042.jpg 1 38 9 42 42
1523_0016_0010_0024_0024.jpg 1 16 10 24 24
1524_0022_0036_0042_0042.jpg 1 22 36 42 42
1525_0028_0018_0055_0055.jpg 1 28 18 55 55
1526_0032_0017_0062_0062.jpg 1 32 17 62 62
1527_0029_0005_0066_0066.jpg 1 29 5 66 66
1528_0005_0018_0061_0061.jpg 1 5 18 61 61
1529_0008_0012_0066_0066.jpg 1 8 12 66 66
1530_0039_0009_0055_0055.jpg 1 39 9 55 55
1531_0058_0013_0029_0029.jpg 1 58 13 29 29
1532_0008_0018_0031_0031.jpg 1 8 18 31 31
1533_0040_0007_0035_0035.jpg 1 40 7 35 35
1534_0031_0046_0039_0039.jpg 1 31 46 39 39
1535_0049_0055_0024_0024.jpg 1 49 55 24 24
1536_0019_0012_0066_0066.jpg 1 19 12 66 66
1537_0045_0050_0036_0036.jpg 1 45 50 36 36
1538_0010_0040_0048_0048.jpg 1 10 40 48 48
1539_0020_0042_0047_0047.jpg 1 20 42 47 47
1540_0028_0023_0033_0033.jpg 1 28 23 33 33
1541_0043_0013_0024_0024.jpg 1 43 13 24 24
1542_0013_0007_0034_0034.jpg 1 13 7 34 34
1543_0019_0049_0043_0043.jpg 1 19 49 43 43
1544_0038_0028_0036_0036.jpg 1 38 28 36 36
1545_0006_0016_0059_0059.jpg 1 6 16 59 59
1546_0052_0017_0024_0024.jpg 1 52 17 24 24
1547_0019_0013_0059_0059.jpg 1 19 13 59 59
1548_0020_0019_0065_0065.jpg 1 20 19 65 65
1549_0026_0018_0048_0048.jpg 1 26 18 48 48
1550_0024_0018_0059_0059.jpg 1 24 18 59 59
1551_0041_0013_0048_0048.jpg 1 41 13 48 48
1552_0012_0008_0059_0059.jpg 1 12 8 59 59
1553_0036_0054_0035_0035.jpg 1 36 54 35 35
1554_0014_0033_0035_0035.jpg 1 14 33 35 35
1555_0011_0008_0048_0048.jpg 1 11 8 48 48
1556_0016_0010_0026_0026.jpg 1 16 10 26 26
1557_0043_0019_0038_0038.jpg 1 43 19 38 38
1558_0025_0014_0049_0049.jpg 1 25 14 49 49
1559_0041_0014_0039_0039.jpg 1 41 14 39 39
1560_0025_0012_0061_0061.jpg 1 25 12 61 61
1561_0018_0043_0039_0039.jpg 1 18 43 39 39
1562_0022_0010_0066_0066.jpg 1 22 10 66 66
1563_0037_0032_0039_0039.jpg 1 37 32 39 39
1564_0031_0011_0063_0063.jpg 1 31 11 63 63
1565_0013_0028_0062_0062.jpg 1 13 28 62 62
1566_0036_0033_0034_0034.jpg 1 36 33 34 34
1567_0018_0039_0037_0037.jpg 1 18 39 37 37
1568_0038_0038_0036_0036.jpg 1 38 38 36 36
1569_0033_0006_0059_0059.jpg 1 33 6 59 59
1570_0052_0048_0035_0035.jpg 1 52 48 35 35
1571_0017_0037_0050_0050.jpg 1 17 37 50 50
1572_0005_0024_0057_0057.jpg 1 5 24 57 57
1573_0041_0031_0027_0027.jpg 1 41 31 27 27
1574_0031_0027_0042_0042.jpg 1 31 27 42 42
1575_0062_0041_0030_0030.jpg 1 62 41 30 30
1576_0008_0021_0040_0040.jpg 1 8 21 40 40
1577_0022_0008_0062_0062.jpg 1 22 8 62 62
1578_0007_0045_0042_0042.jpg 1 7 45 42 42
1579_0047_0020_0035_0035.jpg 1 47 20 35 35
1580_0025_0025_0044_0044.jpg 1 25 25 44 44
1581_0062_0063_0028_0028.jpg 1 62 63 28 28
1582_0025_0017_0038_0038.jpg 1 25 17 38 38
1583_0012_0028_0059_0059.jpg 1 12 28 59 59
1584_0016_0013_0047_0047.jpg 1 16 13 47 47
1585_0047_0039_0036_0036.jpg 1 47 39 36 36
1586_0024_0010_0030_0030.jpg 1 24 10 30 30
1587_0009_0024_0056_0056.jpg 1 9 24 56 56
1588_0054_0032_0027_0027.jpg 1 54 32 27 27
1589_0013_0014_0056_0056.jpg 1 13 14 56 56
1590_0035_0008_0055_0055.jpg 1 35 8 55 55
1591_0021_0025_0039_0039.jpg 1 21 25 39 39
1592_0014_0021_0062_0062.jpg 1 14 21 62 62
1593_0025_0021_0050_0050.jpg 1 25 21 50 50
1594_0029_0031_0031_0031.jpg 1 29 31 31 31
1595_0007_0028_0037_0037.jpg 1 7 28 37 37
1596_0038_0050_0044_0044.jpg 1 38 50 44 44
